{"/Users/raulrodriguez/Desktop/things/code/raulrodriguez/src/App.styled.ts": {"path":"/Users/raulrodriguez/Desktop/things/code/raulrodriguez/src/App.styled.ts","all":false,"statementMap":{"0":{"start":{"line":1,"column":0},"end":{"line":1,"column":39}},"1":{"start":{"line":2,"column":0},"end":{"line":2,"column":39}},"3":{"start":{"line":4,"column":0},"end":{"line":4,"column":45}},"5":{"start":{"line":6,"column":0},"end":{"line":6,"column":41}},"6":{"start":{"line":7,"column":0},"end":{"line":7,"column":42}},"7":{"start":{"line":8,"column":0},"end":{"line":8,"column":40}},"11":{"start":{"line":12,"column":0},"end":{"line":12,"column":40}},"12":{"start":{"line":13,"column":0},"end":{"line":13,"column":48}},"15":{"start":{"line":16,"column":0},"end":{"line":16,"column":51}},"20":{"start":{"line":21,"column":0},"end":{"line":21,"column":39}},"25":{"start":{"line":26,"column":0},"end":{"line":26,"column":79}},"33":{"start":{"line":34,"column":0},"end":{"line":34,"column":53}},"39":{"start":{"line":40,"column":0},"end":{"line":40,"column":51}},"41":{"start":{"line":42,"column":0},"end":{"line":42,"column":53}},"45":{"start":{"line":46,"column":0},"end":{"line":46,"column":52}},"49":{"start":{"line":50,"column":0},"end":{"line":50,"column":52}}},"s":{"0":1,"1":1,"3":1,"5":1,"6":1,"7":1,"11":1,"12":1,"15":1,"20":1,"25":1,"33":1,"39":1,"41":1,"45":1,"49":1},"branchMap":{},"b":{},"fnMap":{},"f":{}}
,"/Users/raulrodriguez/Desktop/things/code/raulrodriguez/src/App.tsx": {"path":"/Users/raulrodriguez/Desktop/things/code/raulrodriguez/src/App.tsx","all":false,"statementMap":{"0":{"start":{"line":1,"column":0},"end":{"line":1,"column":55}},"1":{"start":{"line":2,"column":0},"end":{"line":2,"column":63}},"2":{"start":{"line":3,"column":0},"end":{"line":3,"column":51}},"3":{"start":{"line":4,"column":0},"end":{"line":4,"column":36}},"5":{"start":{"line":6,"column":0},"end":{"line":6,"column":26}},"6":{"start":{"line":7,"column":0},"end":{"line":7,"column":10}},"7":{"start":{"line":8,"column":0},"end":{"line":8,"column":24}},"8":{"start":{"line":9,"column":0},"end":{"line":9,"column":16}},"9":{"start":{"line":10,"column":0},"end":{"line":10,"column":38}},"10":{"start":{"line":11,"column":0},"end":{"line":11,"column":16}},"11":{"start":{"line":12,"column":0},"end":{"line":12,"column":21}},"12":{"start":{"line":13,"column":0},"end":{"line":13,"column":16}},"13":{"start":{"line":14,"column":0},"end":{"line":14,"column":25}},"15":{"start":{"line":16,"column":0},"end":{"line":16,"column":1}}},"s":{"0":1,"1":1,"2":1,"3":1,"5":1,"6":2,"7":2,"8":2,"9":2,"10":2,"11":2,"12":2,"13":2,"15":2},"branchMap":{"0":{"type":"branch","line":6,"loc":{"start":{"line":6,"column":19},"end":{"line":16,"column":1}},"locations":[{"start":{"line":6,"column":19},"end":{"line":16,"column":1}}]}},"b":{"0":[2]},"fnMap":{"0":{"name":"App","decl":{"start":{"line":6,"column":19},"end":{"line":16,"column":1}},"loc":{"start":{"line":6,"column":19},"end":{"line":16,"column":1}},"line":6}},"f":{"0":2}}
,"/Users/raulrodriguez/Desktop/things/code/raulrodriguez/src/main.tsx": {"path":"/Users/raulrodriguez/Desktop/things/code/raulrodriguez/src/main.tsx","all":true,"statementMap":{"0":{"start":{"line":1,"column":0},"end":{"line":1,"column":34}},"1":{"start":{"line":2,"column":0},"end":{"line":2,"column":45}},"2":{"start":{"line":3,"column":0},"end":{"line":3,"column":31}},"3":{"start":{"line":4,"column":0},"end":{"line":4,"column":48}},"4":{"start":{"line":5,"column":0},"end":{"line":5,"column":20}},"6":{"start":{"line":7,"column":0},"end":{"line":7,"column":52}},"7":{"start":{"line":8,"column":0},"end":{"line":8,"column":14}},"8":{"start":{"line":9,"column":0},"end":{"line":9,"column":19}},"9":{"start":{"line":10,"column":0},"end":{"line":10,"column":13}},"10":{"start":{"line":11,"column":0},"end":{"line":11,"column":20}},"11":{"start":{"line":12,"column":0},"end":{"line":12,"column":16}},"12":{"start":{"line":13,"column":0},"end":{"line":13,"column":1}}},"s":{"0":0,"1":0,"2":0,"3":0,"4":0,"6":0,"7":0,"8":0,"9":0,"10":0,"11":0,"12":0},"branchMap":{"0":{"type":"branch","line":1,"loc":{"start":{"line":1,"column":325},"end":{"line":13,"column":1}},"locations":[{"start":{"line":1,"column":325},"end":{"line":13,"column":1}}]}},"b":{"0":[0]},"fnMap":{"0":{"name":"(empty-report)","decl":{"start":{"line":1,"column":325},"end":{"line":13,"column":1}},"loc":{"start":{"line":1,"column":325},"end":{"line":13,"column":1}},"line":1}},"f":{"0":0}}
,"/Users/raulrodriguez/Desktop/things/code/raulrodriguez/src/components/footer/Footer.styled.ts": {"path":"/Users/raulrodriguez/Desktop/things/code/raulrodriguez/src/components/footer/Footer.styled.ts","all":false,"statementMap":{"0":{"start":{"line":1,"column":0},"end":{"line":1,"column":38}},"1":{"start":{"line":2,"column":0},"end":{"line":2,"column":43}},"3":{"start":{"line":4,"column":0},"end":{"line":4,"column":45}},"14":{"start":{"line":15,"column":0},"end":{"line":15,"column":45}},"23":{"start":{"line":24,"column":0},"end":{"line":24,"column":38}},"26":{"start":{"line":27,"column":0},"end":{"line":27,"column":38}},"29":{"start":{"line":30,"column":0},"end":{"line":30,"column":40}},"35":{"start":{"line":36,"column":0},"end":{"line":36,"column":45}},"36":{"start":{"line":37,"column":0},"end":{"line":37,"column":44}},"40":{"start":{"line":41,"column":0},"end":{"line":41,"column":42}}},"s":{"0":1,"1":1,"3":1,"14":1,"23":1,"26":1,"29":1,"35":1,"36":1,"40":1},"branchMap":{},"b":{},"fnMap":{},"f":{}}
,"/Users/raulrodriguez/Desktop/things/code/raulrodriguez/src/components/footer/Footer.tsx": {"path":"/Users/raulrodriguez/Desktop/things/code/raulrodriguez/src/components/footer/Footer.tsx","all":false,"statementMap":{"0":{"start":{"line":1,"column":0},"end":{"line":1,"column":54}},"1":{"start":{"line":2,"column":0},"end":{"line":2,"column":80}},"3":{"start":{"line":4,"column":0},"end":{"line":4,"column":29}},"4":{"start":{"line":5,"column":0},"end":{"line":5,"column":10}},"5":{"start":{"line":6,"column":0},"end":{"line":6,"column":42}},"6":{"start":{"line":7,"column":0},"end":{"line":7,"column":21}},"7":{"start":{"line":8,"column":0},"end":{"line":8,"column":57}},"8":{"start":{"line":9,"column":0},"end":{"line":9,"column":22}},"9":{"start":{"line":10,"column":0},"end":{"line":10,"column":21}},"10":{"start":{"line":11,"column":0},"end":{"line":11,"column":66}},"11":{"start":{"line":12,"column":0},"end":{"line":12,"column":22}},"12":{"start":{"line":13,"column":0},"end":{"line":13,"column":12}},"13":{"start":{"line":14,"column":0},"end":{"line":14,"column":72}},"14":{"start":{"line":15,"column":0},"end":{"line":15,"column":24}},"15":{"start":{"line":16,"column":0},"end":{"line":16,"column":12}},"16":{"start":{"line":17,"column":0},"end":{"line":17,"column":22}},"17":{"start":{"line":18,"column":0},"end":{"line":18,"column":22}},"19":{"start":{"line":20,"column":0},"end":{"line":20,"column":2}}},"s":{"0":1,"1":1,"3":1,"4":3,"5":3,"6":3,"7":3,"8":3,"9":3,"10":3,"11":3,"12":3,"13":3,"14":3,"15":3,"16":3,"17":3,"19":3},"branchMap":{"0":{"type":"branch","line":4,"loc":{"start":{"line":4,"column":22},"end":{"line":20,"column":2}},"locations":[{"start":{"line":4,"column":22},"end":{"line":20,"column":2}}]}},"b":{"0":[3]},"fnMap":{"0":{"name":"Footer","decl":{"start":{"line":4,"column":22},"end":{"line":20,"column":2}},"loc":{"start":{"line":4,"column":22},"end":{"line":20,"column":2}},"line":4}},"f":{"0":3}}
,"/Users/raulrodriguez/Desktop/things/code/raulrodriguez/src/components/navigation/Navbar.styled.ts": {"path":"/Users/raulrodriguez/Desktop/things/code/raulrodriguez/src/components/navigation/Navbar.styled.ts","all":false,"statementMap":{"0":{"start":{"line":1,"column":0},"end":{"line":1,"column":54}},"1":{"start":{"line":2,"column":0},"end":{"line":2,"column":42}},"2":{"start":{"line":3,"column":0},"end":{"line":3,"column":40}},"4":{"start":{"line":5,"column":0},"end":{"line":5,"column":26}},"13":{"start":{"line":14,"column":0},"end":{"line":14,"column":28}},"22":{"start":{"line":23,"column":0},"end":{"line":23,"column":40}},"29":{"start":{"line":30,"column":0},"end":{"line":30,"column":42}},"43":{"start":{"line":44,"column":0},"end":{"line":44,"column":51}},"49":{"start":{"line":50,"column":0},"end":{"line":50,"column":36}},"54":{"start":{"line":55,"column":0},"end":{"line":55,"column":55}},"56":{"start":{"line":57,"column":0},"end":{"line":57,"column":48}},"57":{"start":{"line":58,"column":0},"end":{"line":58,"column":74}},"59":{"start":{"line":60,"column":0},"end":{"line":60,"column":59}},"65":{"start":{"line":66,"column":0},"end":{"line":66,"column":101}},"68":{"start":{"line":69,"column":0},"end":{"line":69,"column":80}},"72":{"start":{"line":73,"column":0},"end":{"line":73,"column":83}},"73":{"start":{"line":74,"column":0},"end":{"line":74,"column":43}},"80":{"start":{"line":81,"column":0},"end":{"line":81,"column":62}},"81":{"start":{"line":82,"column":0},"end":{"line":82,"column":38}},"86":{"start":{"line":87,"column":0},"end":{"line":87,"column":48}},"99":{"start":{"line":100,"column":0},"end":{"line":100,"column":44}}},"s":{"0":1,"1":1,"2":1,"4":1,"13":1,"22":1,"29":1,"43":1,"49":1,"54":1,"56":1,"57":1,"59":1,"65":1,"68":1,"72":1,"73":1,"80":1,"81":1,"86":1,"99":1},"branchMap":{"0":{"type":"branch","line":58,"loc":{"start":{"line":58,"column":15},"end":{"line":58,"column":72}},"locations":[{"start":{"line":58,"column":15},"end":{"line":58,"column":72}}]},"1":{"type":"branch","line":58,"loc":{"start":{"line":58,"column":30},"end":{"line":58,"column":48}},"locations":[{"start":{"line":58,"column":30},"end":{"line":58,"column":48}}]},"2":{"type":"branch","line":58,"loc":{"start":{"line":58,"column":39},"end":{"line":58,"column":72}},"locations":[{"start":{"line":58,"column":39},"end":{"line":58,"column":72}}]},"3":{"type":"branch","line":60,"loc":{"start":{"line":60,"column":18},"end":{"line":60,"column":57}},"locations":[{"start":{"line":60,"column":18},"end":{"line":60,"column":57}}]},"4":{"type":"branch","line":60,"loc":{"start":{"line":60,"column":33},"end":{"line":60,"column":51}},"locations":[{"start":{"line":60,"column":33},"end":{"line":60,"column":51}}]},"5":{"type":"branch","line":60,"loc":{"start":{"line":60,"column":42},"end":{"line":60,"column":57}},"locations":[{"start":{"line":60,"column":42},"end":{"line":60,"column":57}}]},"6":{"type":"branch","line":66,"loc":{"start":{"line":66,"column":11},"end":{"line":66,"column":99}},"locations":[{"start":{"line":66,"column":11},"end":{"line":66,"column":99}}]},"7":{"type":"branch","line":66,"loc":{"start":{"line":66,"column":26},"end":{"line":66,"column":68}},"locations":[{"start":{"line":66,"column":26},"end":{"line":66,"column":68}}]},"8":{"type":"branch","line":66,"loc":{"start":{"line":66,"column":63},"end":{"line":66,"column":99}},"locations":[{"start":{"line":66,"column":63},"end":{"line":66,"column":99}}]},"9":{"type":"branch","line":69,"loc":{"start":{"line":69,"column":19},"end":{"line":69,"column":64}},"locations":[{"start":{"line":69,"column":19},"end":{"line":69,"column":64}}]},"10":{"type":"branch","line":69,"loc":{"start":{"line":69,"column":34},"end":{"line":69,"column":57}},"locations":[{"start":{"line":69,"column":34},"end":{"line":69,"column":57}}]},"11":{"type":"branch","line":69,"loc":{"start":{"line":69,"column":43},"end":{"line":69,"column":64}},"locations":[{"start":{"line":69,"column":43},"end":{"line":69,"column":64}}]},"12":{"type":"branch","line":73,"loc":{"start":{"line":73,"column":20},"end":{"line":73,"column":67}},"locations":[{"start":{"line":73,"column":20},"end":{"line":73,"column":67}}]},"13":{"type":"branch","line":73,"loc":{"start":{"line":73,"column":35},"end":{"line":73,"column":58}},"locations":[{"start":{"line":73,"column":35},"end":{"line":73,"column":58}}]},"14":{"type":"branch","line":73,"loc":{"start":{"line":73,"column":44},"end":{"line":73,"column":67}},"locations":[{"start":{"line":73,"column":44},"end":{"line":73,"column":67}}]}},"b":{"0":[24],"1":[6],"2":[18],"3":[24],"4":[6],"5":[18],"6":[24],"7":[6],"8":[18],"9":[24],"10":[6],"11":[18],"12":[24],"13":[6],"14":[18]},"fnMap":{"0":{"name":"Object.defineProperty.enumerable","decl":{"start":{"line":58,"column":15},"end":{"line":58,"column":72}},"loc":{"start":{"line":58,"column":15},"end":{"line":58,"column":72}},"line":58},"1":{"name":"Object.defineProperty.enumerable","decl":{"start":{"line":60,"column":18},"end":{"line":60,"column":57}},"loc":{"start":{"line":60,"column":18},"end":{"line":60,"column":57}},"line":60},"2":{"name":"Object.defineProperty.enumerable","decl":{"start":{"line":66,"column":11},"end":{"line":66,"column":99}},"loc":{"start":{"line":66,"column":11},"end":{"line":66,"column":99}},"line":66},"3":{"name":"Object.defineProperty.enumerable","decl":{"start":{"line":69,"column":19},"end":{"line":69,"column":64}},"loc":{"start":{"line":69,"column":19},"end":{"line":69,"column":64}},"line":69}},"f":{"0":24,"1":24,"2":24,"3":24}}
,"/Users/raulrodriguez/Desktop/things/code/raulrodriguez/src/components/navigation/Navbar.tsx": {"path":"/Users/raulrodriguez/Desktop/things/code/raulrodriguez/src/components/navigation/Navbar.tsx","all":false,"statementMap":{"0":{"start":{"line":1,"column":0},"end":{"line":1,"column":47}},"8":{"start":{"line":9,"column":0},"end":{"line":9,"column":25}},"10":{"start":{"line":11,"column":0},"end":{"line":11,"column":29}},"11":{"start":{"line":12,"column":0},"end":{"line":12,"column":39}},"12":{"start":{"line":13,"column":0},"end":{"line":13,"column":12}},"13":{"start":{"line":14,"column":0},"end":{"line":14,"column":44}},"14":{"start":{"line":15,"column":0},"end":{"line":15,"column":29}},"15":{"start":{"line":16,"column":0},"end":{"line":16,"column":28}},"16":{"start":{"line":17,"column":0},"end":{"line":17,"column":30}},"17":{"start":{"line":18,"column":0},"end":{"line":18,"column":35}},"18":{"start":{"line":19,"column":0},"end":{"line":19,"column":73}},"20":{"start":{"line":21,"column":0},"end":{"line":21,"column":98}},"21":{"start":{"line":22,"column":0},"end":{"line":22,"column":86}},"22":{"start":{"line":23,"column":0},"end":{"line":23,"column":32}},"23":{"start":{"line":24,"column":0},"end":{"line":24,"column":30}},"24":{"start":{"line":25,"column":0},"end":{"line":25,"column":39}},"25":{"start":{"line":26,"column":0},"end":{"line":26,"column":70}},"27":{"start":{"line":28,"column":0},"end":{"line":28,"column":102}},"28":{"start":{"line":29,"column":0},"end":{"line":29,"column":90}},"29":{"start":{"line":30,"column":0},"end":{"line":30,"column":32}},"30":{"start":{"line":31,"column":0},"end":{"line":31,"column":30}},"31":{"start":{"line":32,"column":0},"end":{"line":32,"column":39}},"32":{"start":{"line":33,"column":0},"end":{"line":33,"column":70}},"34":{"start":{"line":35,"column":0},"end":{"line":35,"column":102}},"35":{"start":{"line":36,"column":0},"end":{"line":36,"column":90}},"36":{"start":{"line":37,"column":0},"end":{"line":37,"column":32}},"37":{"start":{"line":38,"column":0},"end":{"line":38,"column":30}},"38":{"start":{"line":39,"column":0},"end":{"line":39,"column":38}},"39":{"start":{"line":40,"column":0},"end":{"line":40,"column":69}},"41":{"start":{"line":42,"column":0},"end":{"line":42,"column":101}},"42":{"start":{"line":43,"column":0},"end":{"line":43,"column":89}},"43":{"start":{"line":44,"column":0},"end":{"line":44,"column":32}},"44":{"start":{"line":45,"column":0},"end":{"line":45,"column":29}},"45":{"start":{"line":46,"column":0},"end":{"line":46,"column":30}},"46":{"start":{"line":47,"column":0},"end":{"line":47,"column":24}},"48":{"start":{"line":49,"column":0},"end":{"line":49,"column":1}}},"s":{"0":1,"8":1,"10":1,"11":8,"12":8,"13":8,"14":8,"15":8,"16":8,"17":8,"18":8,"20":8,"21":8,"22":8,"23":8,"24":8,"25":8,"27":8,"28":8,"29":8,"30":8,"31":8,"32":8,"34":8,"35":8,"36":8,"37":8,"38":8,"39":8,"41":8,"42":8,"43":8,"44":8,"45":8,"46":8,"48":8},"branchMap":{"0":{"type":"branch","line":11,"loc":{"start":{"line":11,"column":22},"end":{"line":49,"column":1}},"locations":[{"start":{"line":11,"column":22},"end":{"line":49,"column":1}}]},"1":{"type":"branch","line":19,"loc":{"start":{"line":19,"column":45},"end":{"line":19,"column":73}},"locations":[{"start":{"line":19,"column":45},"end":{"line":19,"column":73}}]}},"b":{"0":[8],"1":[6]},"fnMap":{"0":{"name":"Navbar","decl":{"start":{"line":11,"column":22},"end":{"line":49,"column":1}},"loc":{"start":{"line":11,"column":22},"end":{"line":49,"column":1}},"line":11}},"f":{"0":8}}
,"/Users/raulrodriguez/Desktop/things/code/raulrodriguez/src/helpers/TruncateTitle.ts": {"path":"/Users/raulrodriguez/Desktop/things/code/raulrodriguez/src/helpers/TruncateTitle.ts","all":false,"statementMap":{"0":{"start":{"line":1,"column":0},"end":{"line":1,"column":78}},"1":{"start":{"line":2,"column":0},"end":{"line":2,"column":34}},"2":{"start":{"line":3,"column":0},"end":{"line":3,"column":17}},"3":{"start":{"line":4,"column":0},"end":{"line":4,"column":3}},"4":{"start":{"line":5,"column":0},"end":{"line":5,"column":54}},"5":{"start":{"line":6,"column":0},"end":{"line":6,"column":26}},"6":{"start":{"line":7,"column":0},"end":{"line":7,"column":1}}},"s":{"0":1,"1":35,"2":27,"3":27,"4":8,"5":8,"6":8},"branchMap":{"0":{"type":"branch","line":1,"loc":{"start":{"line":1,"column":7},"end":{"line":7,"column":1}},"locations":[{"start":{"line":1,"column":7},"end":{"line":7,"column":1}}]},"1":{"type":"branch","line":2,"loc":{"start":{"line":2,"column":33},"end":{"line":7,"column":1}},"locations":[{"start":{"line":2,"column":33},"end":{"line":7,"column":1}}]},"2":{"type":"branch","line":2,"loc":{"start":{"line":2,"column":33},"end":{"line":4,"column":3}},"locations":[{"start":{"line":2,"column":33},"end":{"line":4,"column":3}}]},"3":{"type":"branch","line":4,"loc":{"start":{"line":4,"column":2},"end":{"line":7,"column":1}},"locations":[{"start":{"line":4,"column":2},"end":{"line":7,"column":1}}]}},"b":{"0":[35],"1":[32],"2":[27],"3":[8]},"fnMap":{"0":{"name":"truncateTitle","decl":{"start":{"line":1,"column":7},"end":{"line":7,"column":1}},"loc":{"start":{"line":1,"column":7},"end":{"line":7,"column":1}},"line":1}},"f":{"0":35}}
,"/Users/raulrodriguez/Desktop/things/code/raulrodriguez/src/routes/Root.tsx": {"path":"/Users/raulrodriguez/Desktop/things/code/raulrodriguez/src/routes/Root.tsx","all":false,"statementMap":{"0":{"start":{"line":1,"column":0},"end":{"line":1,"column":58}},"1":{"start":{"line":2,"column":0},"end":{"line":2,"column":43}},"2":{"start":{"line":3,"column":0},"end":{"line":3,"column":50}},"3":{"start":{"line":4,"column":0},"end":{"line":4,"column":55}},"4":{"start":{"line":5,"column":0},"end":{"line":5,"column":52}},"6":{"start":{"line":7,"column":0},"end":{"line":7,"column":22}},"7":{"start":{"line":8,"column":0},"end":{"line":8,"column":5}},"8":{"start":{"line":9,"column":0},"end":{"line":9,"column":9}},"9":{"start":{"line":10,"column":0},"end":{"line":10,"column":13}},"10":{"start":{"line":11,"column":0},"end":{"line":11,"column":13}},"11":{"start":{"line":12,"column":0},"end":{"line":12,"column":12}},"12":{"start":{"line":13,"column":0},"end":{"line":13,"column":2}},"14":{"start":{"line":15,"column":0},"end":{"line":15,"column":27}},"15":{"start":{"line":16,"column":0},"end":{"line":16,"column":12}},"16":{"start":{"line":17,"column":0},"end":{"line":17,"column":16}},"17":{"start":{"line":18,"column":0},"end":{"line":18,"column":51}},"18":{"start":{"line":19,"column":0},"end":{"line":19,"column":55}},"19":{"start":{"line":20,"column":0},"end":{"line":20,"column":62}},"20":{"start":{"line":21,"column":0},"end":{"line":21,"column":63}},"21":{"start":{"line":22,"column":0},"end":{"line":22,"column":61}},"22":{"start":{"line":23,"column":0},"end":{"line":23,"column":75}},"23":{"start":{"line":24,"column":0},"end":{"line":24,"column":17}},"25":{"start":{"line":26,"column":0},"end":{"line":26,"column":1}}},"s":{"0":1,"1":1,"2":1,"3":1,"4":1,"6":1,"7":1,"8":1,"9":1,"10":1,"11":1,"12":1,"14":1,"15":6,"16":6,"17":6,"18":6,"19":6,"20":6,"21":6,"22":6,"23":6,"25":6},"branchMap":{"0":{"type":"branch","line":15,"loc":{"start":{"line":15,"column":20},"end":{"line":26,"column":1}},"locations":[{"start":{"line":15,"column":20},"end":{"line":26,"column":1}}]}},"b":{"0":[6]},"fnMap":{"0":{"name":"Root","decl":{"start":{"line":15,"column":20},"end":{"line":26,"column":1}},"loc":{"start":{"line":15,"column":20},"end":{"line":26,"column":1}},"line":15}},"f":{"0":6}}
,"/Users/raulrodriguez/Desktop/things/code/raulrodriguez/src/screens/about/AboutMe.styled.ts": {"path":"/Users/raulrodriguez/Desktop/things/code/raulrodriguez/src/screens/about/AboutMe.styled.ts","all":false,"statementMap":{"0":{"start":{"line":1,"column":0},"end":{"line":1,"column":54}},"1":{"start":{"line":2,"column":0},"end":{"line":2,"column":43}},"3":{"start":{"line":4,"column":0},"end":{"line":4,"column":31}},"14":{"start":{"line":15,"column":0},"end":{"line":15,"column":28}},"25":{"start":{"line":26,"column":0},"end":{"line":26,"column":24}},"33":{"start":{"line":34,"column":0},"end":{"line":34,"column":34}},"42":{"start":{"line":43,"column":0},"end":{"line":43,"column":47}},"46":{"start":{"line":47,"column":0},"end":{"line":47,"column":45}},"52":{"start":{"line":53,"column":0},"end":{"line":53,"column":48}},"60":{"start":{"line":61,"column":0},"end":{"line":61,"column":42}},"61":{"start":{"line":62,"column":0},"end":{"line":62,"column":62}},"67":{"start":{"line":68,"column":0},"end":{"line":68,"column":39}},"74":{"start":{"line":75,"column":0},"end":{"line":75,"column":53}},"77":{"start":{"line":78,"column":0},"end":{"line":78,"column":42}},"83":{"start":{"line":84,"column":0},"end":{"line":84,"column":62}},"87":{"start":{"line":88,"column":0},"end":{"line":88,"column":62}},"92":{"start":{"line":93,"column":0},"end":{"line":93,"column":38}},"95":{"start":{"line":96,"column":0},"end":{"line":96,"column":41}},"97":{"start":{"line":98,"column":0},"end":{"line":98,"column":38}},"101":{"start":{"line":102,"column":0},"end":{"line":102,"column":62}},"104":{"start":{"line":105,"column":0},"end":{"line":105,"column":62}},"109":{"start":{"line":110,"column":0},"end":{"line":110,"column":38}},"111":{"start":{"line":112,"column":0},"end":{"line":112,"column":48}},"112":{"start":{"line":113,"column":0},"end":{"line":113,"column":38}},"116":{"start":{"line":117,"column":0},"end":{"line":117,"column":40}},"125":{"start":{"line":126,"column":0},"end":{"line":126,"column":62}},"130":{"start":{"line":131,"column":0},"end":{"line":131,"column":62}},"137":{"start":{"line":138,"column":0},"end":{"line":138,"column":68}},"145":{"start":{"line":146,"column":0},"end":{"line":146,"column":39}},"148":{"start":{"line":149,"column":0},"end":{"line":149,"column":50}},"151":{"start":{"line":152,"column":0},"end":{"line":152,"column":123}},"153":{"start":{"line":154,"column":0},"end":{"line":154,"column":62}},"156":{"start":{"line":157,"column":0},"end":{"line":157,"column":62}},"157":{"start":{"line":158,"column":0},"end":{"line":158,"column":73}},"162":{"start":{"line":163,"column":0},"end":{"line":163,"column":41}},"166":{"start":{"line":167,"column":0},"end":{"line":167,"column":51}},"167":{"start":{"line":168,"column":0},"end":{"line":168,"column":50}},"168":{"start":{"line":169,"column":0},"end":{"line":169,"column":39}},"179":{"start":{"line":180,"column":0},"end":{"line":180,"column":42}},"183":{"start":{"line":184,"column":0},"end":{"line":184,"column":52}},"184":{"start":{"line":185,"column":0},"end":{"line":185,"column":41}},"187":{"start":{"line":188,"column":0},"end":{"line":188,"column":62}},"190":{"start":{"line":191,"column":0},"end":{"line":191,"column":54}}},"s":{"0":1,"1":1,"3":1,"14":1,"25":1,"33":1,"42":1,"46":1,"52":1,"60":1,"61":1,"67":1,"74":1,"77":1,"83":1,"87":1,"92":1,"95":1,"97":1,"101":1,"104":1,"109":1,"111":1,"112":1,"116":1,"125":1,"130":1,"137":1,"145":1,"148":1,"151":1,"153":1,"156":1,"157":1,"162":1,"166":1,"167":1,"168":1,"179":1,"183":1,"184":1,"187":1,"190":1},"branchMap":{"0":{"type":"branch","line":152,"loc":{"start":{"line":152,"column":15},"end":{"line":152,"column":121}},"locations":[{"start":{"line":152,"column":15},"end":{"line":152,"column":121}}]},"1":{"type":"branch","line":152,"loc":{"start":{"line":152,"column":37},"end":{"line":152,"column":88}},"locations":[{"start":{"line":152,"column":37},"end":{"line":152,"column":88}}]},"2":{"type":"branch","line":152,"loc":{"start":{"line":152,"column":84},"end":{"line":152,"column":121}},"locations":[{"start":{"line":152,"column":84},"end":{"line":152,"column":121}}]},"3":{"type":"branch","line":158,"loc":{"start":{"line":158,"column":17},"end":{"line":158,"column":71}},"locations":[{"start":{"line":158,"column":17},"end":{"line":158,"column":71}}]},"4":{"type":"branch","line":158,"loc":{"start":{"line":158,"column":39},"end":{"line":158,"column":64}},"locations":[{"start":{"line":158,"column":39},"end":{"line":158,"column":64}}]},"5":{"type":"branch","line":158,"loc":{"start":{"line":158,"column":56},"end":{"line":158,"column":71}},"locations":[{"start":{"line":158,"column":56},"end":{"line":158,"column":71}}]}},"b":{"0":[140],"1":[7],"2":[133],"3":[140],"4":[7],"5":[133]},"fnMap":{"0":{"name":"__vite_ssr_import_0__.default.li.reducefontsize.reducefontsize","decl":{"start":{"line":152,"column":15},"end":{"line":152,"column":121}},"loc":{"start":{"line":152,"column":15},"end":{"line":152,"column":121}},"line":152}},"f":{"0":140}}
,"/Users/raulrodriguez/Desktop/things/code/raulrodriguez/src/screens/about/AboutMe.tsx": {"path":"/Users/raulrodriguez/Desktop/things/code/raulrodriguez/src/screens/about/AboutMe.tsx","all":false,"statementMap":{"0":{"start":{"line":1,"column":0},"end":{"line":1,"column":183}},"1":{"start":{"line":2,"column":0},"end":{"line":2,"column":46}},"2":{"start":{"line":3,"column":0},"end":{"line":3,"column":45}},"3":{"start":{"line":4,"column":0},"end":{"line":4,"column":45}},"4":{"start":{"line":5,"column":0},"end":{"line":5,"column":21}},"6":{"start":{"line":7,"column":0},"end":{"line":7,"column":30}},"7":{"start":{"line":8,"column":0},"end":{"line":8,"column":10}},"8":{"start":{"line":9,"column":0},"end":{"line":9,"column":91}},"9":{"start":{"line":10,"column":0},"end":{"line":10,"column":23}},"10":{"start":{"line":11,"column":0},"end":{"line":11,"column":31}},"11":{"start":{"line":12,"column":0},"end":{"line":12,"column":55}},"12":{"start":{"line":13,"column":0},"end":{"line":13,"column":47}},"14":{"start":{"line":15,"column":0},"end":{"line":15,"column":29}},"15":{"start":{"line":16,"column":0},"end":{"line":16,"column":32}},"17":{"start":{"line":18,"column":0},"end":{"line":18,"column":21}},"18":{"start":{"line":19,"column":0},"end":{"line":19,"column":13}},"19":{"start":{"line":20,"column":0},"end":{"line":20,"column":181}},"24":{"start":{"line":25,"column":0},"end":{"line":25,"column":14}},"25":{"start":{"line":26,"column":0},"end":{"line":26,"column":22}},"26":{"start":{"line":27,"column":0},"end":{"line":27,"column":24}},"28":{"start":{"line":29,"column":0},"end":{"line":29,"column":41}},"29":{"start":{"line":30,"column":0},"end":{"line":30,"column":22}},"30":{"start":{"line":31,"column":0},"end":{"line":31,"column":46}},"31":{"start":{"line":32,"column":0},"end":{"line":32,"column":51}},"32":{"start":{"line":33,"column":0},"end":{"line":33,"column":44}},"33":{"start":{"line":34,"column":0},"end":{"line":34,"column":46}},"34":{"start":{"line":35,"column":0},"end":{"line":35,"column":45}},"35":{"start":{"line":36,"column":0},"end":{"line":36,"column":80}},"36":{"start":{"line":37,"column":0},"end":{"line":37,"column":51}},"37":{"start":{"line":38,"column":0},"end":{"line":38,"column":53}},"38":{"start":{"line":39,"column":0},"end":{"line":39,"column":45}},"39":{"start":{"line":40,"column":0},"end":{"line":40,"column":56}},"40":{"start":{"line":41,"column":0},"end":{"line":41,"column":48}},"41":{"start":{"line":42,"column":0},"end":{"line":42,"column":45}},"42":{"start":{"line":43,"column":0},"end":{"line":43,"column":47}},"43":{"start":{"line":44,"column":0},"end":{"line":44,"column":56}},"44":{"start":{"line":45,"column":0},"end":{"line":45,"column":48}},"45":{"start":{"line":46,"column":0},"end":{"line":46,"column":48}},"46":{"start":{"line":47,"column":0},"end":{"line":47,"column":53}},"47":{"start":{"line":48,"column":0},"end":{"line":48,"column":49}},"48":{"start":{"line":49,"column":0},"end":{"line":49,"column":47}},"49":{"start":{"line":50,"column":0},"end":{"line":50,"column":46}},"50":{"start":{"line":51,"column":0},"end":{"line":51,"column":23}},"51":{"start":{"line":52,"column":0},"end":{"line":52,"column":23}},"53":{"start":{"line":54,"column":0},"end":{"line":54,"column":2}}},"s":{"0":1,"1":1,"2":1,"3":1,"4":1,"6":1,"7":8,"8":8,"9":8,"10":8,"11":8,"12":8,"14":8,"15":8,"17":8,"18":8,"19":8,"24":8,"25":8,"26":8,"28":8,"29":8,"30":8,"31":8,"32":8,"33":8,"34":8,"35":8,"36":8,"37":8,"38":8,"39":8,"40":8,"41":8,"42":8,"43":8,"44":8,"45":8,"46":8,"47":8,"48":8,"49":8,"50":8,"51":8,"53":8},"branchMap":{"0":{"type":"branch","line":7,"loc":{"start":{"line":7,"column":23},"end":{"line":54,"column":2}},"locations":[{"start":{"line":7,"column":23},"end":{"line":54,"column":2}}]}},"b":{"0":[8]},"fnMap":{"0":{"name":"AboutMe","decl":{"start":{"line":7,"column":23},"end":{"line":54,"column":2}},"loc":{"start":{"line":7,"column":23},"end":{"line":54,"column":2}},"line":7}},"f":{"0":8}}
,"/Users/raulrodriguez/Desktop/things/code/raulrodriguez/src/screens/about/helper.ts": {"path":"/Users/raulrodriguez/Desktop/things/code/raulrodriguez/src/screens/about/helper.ts","all":false,"statementMap":{"0":{"start":{"line":1,"column":0},"end":{"line":1,"column":46}},"1":{"start":{"line":2,"column":0},"end":{"line":2,"column":25}},"2":{"start":{"line":3,"column":0},"end":{"line":3,"column":41}},"3":{"start":{"line":4,"column":0},"end":{"line":4,"column":57}},"4":{"start":{"line":5,"column":0},"end":{"line":5,"column":100}},"5":{"start":{"line":6,"column":0},"end":{"line":6,"column":40}},"6":{"start":{"line":7,"column":0},"end":{"line":7,"column":1}}},"s":{"0":1,"1":11,"2":11,"3":11,"4":11,"5":11,"6":11},"branchMap":{"0":{"type":"branch","line":1,"loc":{"start":{"line":1,"column":7},"end":{"line":7,"column":1}},"locations":[{"start":{"line":1,"column":7},"end":{"line":7,"column":1}}]}},"b":{"0":[11]},"fnMap":{"0":{"name":"increaseExperience","decl":{"start":{"line":1,"column":7},"end":{"line":7,"column":1}},"loc":{"start":{"line":1,"column":7},"end":{"line":7,"column":1}},"line":1}},"f":{"0":11}}
,"/Users/raulrodriguez/Desktop/things/code/raulrodriguez/src/screens/contact/Contact.styled.ts": {"path":"/Users/raulrodriguez/Desktop/things/code/raulrodriguez/src/screens/contact/Contact.styled.ts","all":false,"statementMap":{"0":{"start":{"line":1,"column":0},"end":{"line":1,"column":54}},"1":{"start":{"line":2,"column":0},"end":{"line":2,"column":43}},"3":{"start":{"line":4,"column":0},"end":{"line":4,"column":25}},"14":{"start":{"line":15,"column":0},"end":{"line":15,"column":47}},"24":{"start":{"line":25,"column":0},"end":{"line":25,"column":32}},"36":{"start":{"line":37,"column":0},"end":{"line":37,"column":53}},"38":{"start":{"line":39,"column":0},"end":{"line":39,"column":39}},"40":{"start":{"line":41,"column":0},"end":{"line":41,"column":62}},"46":{"start":{"line":47,"column":0},"end":{"line":47,"column":36}},"48":{"start":{"line":49,"column":0},"end":{"line":49,"column":41}},"49":{"start":{"line":50,"column":0},"end":{"line":50,"column":51}},"56":{"start":{"line":57,"column":0},"end":{"line":57,"column":54}},"60":{"start":{"line":61,"column":0},"end":{"line":61,"column":38}},"61":{"start":{"line":62,"column":0},"end":{"line":62,"column":38}},"64":{"start":{"line":65,"column":0},"end":{"line":65,"column":41}},"68":{"start":{"line":69,"column":0},"end":{"line":69,"column":34}}},"s":{"0":1,"1":1,"3":1,"14":1,"24":1,"36":1,"38":1,"40":1,"46":1,"48":1,"49":1,"56":1,"60":1,"61":1,"64":1,"68":1},"branchMap":{},"b":{},"fnMap":{},"f":{}}
,"/Users/raulrodriguez/Desktop/things/code/raulrodriguez/src/screens/contact/Contact.tsx": {"path":"/Users/raulrodriguez/Desktop/things/code/raulrodriguez/src/screens/contact/Contact.tsx","all":false,"statementMap":{"0":{"start":{"line":1,"column":0},"end":{"line":1,"column":90}},"1":{"start":{"line":2,"column":0},"end":{"line":2,"column":43}},"2":{"start":{"line":3,"column":0},"end":{"line":3,"column":44}},"3":{"start":{"line":4,"column":0},"end":{"line":4,"column":38}},"4":{"start":{"line":5,"column":0},"end":{"line":5,"column":50}},"5":{"start":{"line":6,"column":0},"end":{"line":6,"column":65}},"6":{"start":{"line":7,"column":0},"end":{"line":7,"column":21}},"7":{"start":{"line":8,"column":0},"end":{"line":8,"column":61}},"9":{"start":{"line":10,"column":0},"end":{"line":10,"column":58}},"10":{"start":{"line":11,"column":0},"end":{"line":11,"column":59}},"11":{"start":{"line":12,"column":0},"end":{"line":12,"column":60}},"13":{"start":{"line":14,"column":0},"end":{"line":14,"column":30}},"14":{"start":{"line":15,"column":0},"end":{"line":15,"column":39}},"15":{"start":{"line":16,"column":0},"end":{"line":16,"column":41}},"16":{"start":{"line":17,"column":0},"end":{"line":17,"column":45}},"17":{"start":{"line":18,"column":0},"end":{"line":18,"column":59}},"18":{"start":{"line":19,"column":0},"end":{"line":19,"column":67}},"19":{"start":{"line":20,"column":0},"end":{"line":20,"column":69}},"21":{"start":{"line":22,"column":0},"end":{"line":22,"column":19}},"22":{"start":{"line":23,"column":0},"end":{"line":23,"column":14}},"23":{"start":{"line":24,"column":0},"end":{"line":24,"column":25}},"24":{"start":{"line":25,"column":0},"end":{"line":25,"column":5}},"25":{"start":{"line":26,"column":0},"end":{"line":26,"column":28}},"27":{"start":{"line":28,"column":0},"end":{"line":28,"column":27}},"28":{"start":{"line":29,"column":0},"end":{"line":29,"column":16}},"29":{"start":{"line":30,"column":0},"end":{"line":30,"column":17}},"30":{"start":{"line":31,"column":0},"end":{"line":31,"column":19}},"31":{"start":{"line":32,"column":0},"end":{"line":32,"column":23}},"32":{"start":{"line":33,"column":0},"end":{"line":33,"column":3}},"34":{"start":{"line":35,"column":0},"end":{"line":35,"column":30}},"35":{"start":{"line":36,"column":0},"end":{"line":36,"column":31}},"36":{"start":{"line":37,"column":0},"end":{"line":37,"column":32}},"37":{"start":{"line":38,"column":0},"end":{"line":38,"column":34}},"39":{"start":{"line":40,"column":0},"end":{"line":40,"column":76}},"40":{"start":{"line":41,"column":0},"end":{"line":41,"column":28}},"41":{"start":{"line":42,"column":0},"end":{"line":42,"column":30}},"42":{"start":{"line":43,"column":0},"end":{"line":43,"column":24}},"43":{"start":{"line":44,"column":0},"end":{"line":44,"column":24}},"44":{"start":{"line":45,"column":0},"end":{"line":45,"column":25}},"45":{"start":{"line":46,"column":0},"end":{"line":46,"column":8}},"47":{"start":{"line":48,"column":0},"end":{"line":48,"column":49}},"48":{"start":{"line":49,"column":0},"end":{"line":49,"column":23}},"49":{"start":{"line":50,"column":0},"end":{"line":50,"column":19}},"50":{"start":{"line":51,"column":0},"end":{"line":51,"column":19}},"51":{"start":{"line":52,"column":0},"end":{"line":52,"column":17}},"52":{"start":{"line":53,"column":0},"end":{"line":53,"column":8}},"54":{"start":{"line":55,"column":0},"end":{"line":55,"column":33}},"55":{"start":{"line":56,"column":0},"end":{"line":56,"column":31}},"56":{"start":{"line":57,"column":0},"end":{"line":57,"column":20}},"57":{"start":{"line":58,"column":0},"end":{"line":58,"column":14}},"58":{"start":{"line":59,"column":0},"end":{"line":59,"column":77}},"59":{"start":{"line":60,"column":0},"end":{"line":60,"column":7}},"60":{"start":{"line":61,"column":0},"end":{"line":61,"column":5}},"61":{"start":{"line":62,"column":0},"end":{"line":62,"column":3}},"63":{"start":{"line":64,"column":0},"end":{"line":64,"column":10}},"64":{"start":{"line":65,"column":0},"end":{"line":65,"column":68}},"65":{"start":{"line":66,"column":0},"end":{"line":66,"column":26}},"66":{"start":{"line":67,"column":0},"end":{"line":67,"column":14}},"67":{"start":{"line":68,"column":0},"end":{"line":68,"column":30}},"68":{"start":{"line":69,"column":0},"end":{"line":69,"column":15}},"70":{"start":{"line":71,"column":0},"end":{"line":71,"column":43}},"71":{"start":{"line":72,"column":0},"end":{"line":72,"column":26}},"73":{"start":{"line":74,"column":0},"end":{"line":74,"column":44}},"75":{"start":{"line":76,"column":0},"end":{"line":76,"column":16}},"76":{"start":{"line":77,"column":0},"end":{"line":77,"column":66}},"77":{"start":{"line":78,"column":0},"end":{"line":78,"column":69}},"78":{"start":{"line":79,"column":0},"end":{"line":79,"column":19}},"79":{"start":{"line":80,"column":0},"end":{"line":80,"column":30}},"80":{"start":{"line":81,"column":0},"end":{"line":81,"column":30}},"81":{"start":{"line":82,"column":0},"end":{"line":82,"column":36}},"82":{"start":{"line":83,"column":0},"end":{"line":83,"column":32}},"83":{"start":{"line":84,"column":0},"end":{"line":84,"column":29}},"84":{"start":{"line":85,"column":0},"end":{"line":85,"column":14}},"85":{"start":{"line":86,"column":0},"end":{"line":86,"column":24}},"86":{"start":{"line":87,"column":0},"end":{"line":87,"column":44}},"88":{"start":{"line":89,"column":0},"end":{"line":89,"column":64}},"89":{"start":{"line":90,"column":0},"end":{"line":90,"column":17}},"93":{"start":{"line":94,"column":0},"end":{"line":94,"column":19}},"94":{"start":{"line":95,"column":0},"end":{"line":95,"column":38}},"95":{"start":{"line":96,"column":0},"end":{"line":96,"column":20}},"96":{"start":{"line":97,"column":0},"end":{"line":97,"column":23}},"98":{"start":{"line":99,"column":0},"end":{"line":99,"column":2}}},"s":{"0":1,"1":1,"2":1,"3":1,"4":1,"5":1,"6":1,"7":1,"9":1,"10":1,"11":1,"13":1,"14":15,"15":15,"16":15,"17":15,"18":15,"19":15,"21":15,"22":11,"23":0,"24":0,"25":15,"27":15,"28":1,"29":1,"30":1,"31":1,"32":1,"34":15,"35":3,"36":3,"37":3,"39":3,"40":2,"41":2,"42":2,"43":2,"44":2,"45":2,"47":2,"48":2,"49":2,"50":2,"51":2,"52":2,"54":1,"55":1,"56":1,"57":2,"58":0,"59":0,"60":2,"61":3,"63":15,"64":15,"65":15,"66":1,"67":1,"68":1,"70":15,"71":2,"73":15,"75":11,"76":11,"77":11,"78":11,"79":11,"80":11,"81":11,"82":11,"83":11,"84":11,"85":11,"86":1,"88":11,"89":11,"93":15,"94":15,"95":15,"96":15,"98":15},"branchMap":{"0":{"type":"branch","line":14,"loc":{"start":{"line":14,"column":23},"end":{"line":99,"column":2}},"locations":[{"start":{"line":14,"column":23},"end":{"line":99,"column":2}}]},"1":{"type":"branch","line":66,"loc":{"start":{"line":66,"column":8},"end":{"line":69,"column":15}},"locations":[{"start":{"line":66,"column":8},"end":{"line":69,"column":15}}]},"2":{"type":"branch","line":71,"loc":{"start":{"line":71,"column":9},"end":{"line":71,"column":43}},"locations":[{"start":{"line":71,"column":9},"end":{"line":71,"column":43}}]},"3":{"type":"branch","line":71,"loc":{"start":{"line":71,"column":26},"end":{"line":72,"column":26}},"locations":[{"start":{"line":71,"column":26},"end":{"line":72,"column":26}}]},"4":{"type":"branch","line":74,"loc":{"start":{"line":74,"column":9},"end":{"line":74,"column":44}},"locations":[{"start":{"line":74,"column":9},"end":{"line":74,"column":44}}]},"5":{"type":"branch","line":74,"loc":{"start":{"line":74,"column":27},"end":{"line":90,"column":17}},"locations":[{"start":{"line":74,"column":27},"end":{"line":90,"column":17}}]},"6":{"type":"branch","line":86,"loc":{"start":{"line":86,"column":14},"end":{"line":87,"column":44}},"locations":[{"start":{"line":86,"column":14},"end":{"line":87,"column":44}}]},"7":{"type":"branch","line":22,"loc":{"start":{"line":22,"column":12},"end":{"line":26,"column":5}},"locations":[{"start":{"line":22,"column":12},"end":{"line":26,"column":5}}]},"8":{"type":"branch","line":23,"loc":{"start":{"line":23,"column":13},"end":{"line":25,"column":5}},"locations":[{"start":{"line":23,"column":13},"end":{"line":25,"column":5}}]},"9":{"type":"branch","line":28,"loc":{"start":{"line":28,"column":20},"end":{"line":33,"column":3}},"locations":[{"start":{"line":28,"column":20},"end":{"line":33,"column":3}}]},"10":{"type":"branch","line":35,"loc":{"start":{"line":35,"column":17},"end":{"line":62,"column":3}},"locations":[{"start":{"line":35,"column":17},"end":{"line":62,"column":3}}]},"11":{"type":"branch","line":40,"loc":{"start":{"line":40,"column":31},"end":{"line":40,"column":56}},"locations":[{"start":{"line":40,"column":31},"end":{"line":40,"column":56}}]},"12":{"type":"branch","line":40,"loc":{"start":{"line":40,"column":51},"end":{"line":40,"column":75}},"locations":[{"start":{"line":40,"column":51},"end":{"line":40,"column":75}}]},"13":{"type":"branch","line":40,"loc":{"start":{"line":40,"column":75},"end":{"line":61,"column":5}},"locations":[{"start":{"line":40,"column":75},"end":{"line":61,"column":5}}]},"14":{"type":"branch","line":53,"loc":{"start":{"line":53,"column":6},"end":{"line":58,"column":13}},"locations":[{"start":{"line":53,"column":6},"end":{"line":58,"column":13}}]},"15":{"type":"branch","line":58,"loc":{"start":{"line":58,"column":6},"end":{"line":60,"column":7}},"locations":[{"start":{"line":58,"column":6},"end":{"line":60,"column":7}}]}},"b":{"0":[15],"1":[1],"2":[13],"3":[2],"4":[13],"5":[11],"6":[1],"7":[11],"8":[0],"9":[1],"10":[3],"11":[2],"12":[2],"13":[2],"14":[1],"15":[0]},"fnMap":{"0":{"name":"Contact","decl":{"start":{"line":14,"column":23},"end":{"line":99,"column":2}},"loc":{"start":{"line":14,"column":23},"end":{"line":99,"column":2}},"line":14},"1":{"name":"cleanForm","decl":{"start":{"line":28,"column":20},"end":{"line":33,"column":3}},"loc":{"start":{"line":28,"column":20},"end":{"line":33,"column":3}},"line":28},"2":{"name":"submit","decl":{"start":{"line":35,"column":17},"end":{"line":62,"column":3}},"loc":{"start":{"line":35,"column":17},"end":{"line":62,"column":3}},"line":35}},"f":{"0":15,"1":1,"2":3}}
,"/Users/raulrodriguez/Desktop/things/code/raulrodriguez/src/screens/contact/helper.ts": {"path":"/Users/raulrodriguez/Desktop/things/code/raulrodriguez/src/screens/contact/helper.ts","all":false,"statementMap":{"0":{"start":{"line":1,"column":0},"end":{"line":1,"column":46}},"1":{"start":{"line":2,"column":0},"end":{"line":2,"column":126}},"3":{"start":{"line":4,"column":0},"end":{"line":4,"column":40}},"4":{"start":{"line":5,"column":0},"end":{"line":5,"column":1}},"6":{"start":{"line":7,"column":0},"end":{"line":7,"column":48}},"7":{"start":{"line":8,"column":0},"end":{"line":8,"column":25}},"8":{"start":{"line":9,"column":0},"end":{"line":9,"column":57}},"9":{"start":{"line":10,"column":0},"end":{"line":10,"column":5}},"10":{"start":{"line":11,"column":0},"end":{"line":11,"column":18}},"11":{"start":{"line":12,"column":0},"end":{"line":12,"column":1}},"13":{"start":{"line":14,"column":0},"end":{"line":14,"column":48}},"14":{"start":{"line":15,"column":0},"end":{"line":15,"column":25}},"15":{"start":{"line":16,"column":0},"end":{"line":16,"column":54}},"16":{"start":{"line":17,"column":0},"end":{"line":17,"column":6}},"17":{"start":{"line":18,"column":0},"end":{"line":18,"column":18}},"18":{"start":{"line":19,"column":0},"end":{"line":19,"column":1}},"20":{"start":{"line":21,"column":0},"end":{"line":21,"column":52}},"21":{"start":{"line":22,"column":0},"end":{"line":22,"column":29}},"22":{"start":{"line":23,"column":0},"end":{"line":23,"column":23}},"23":{"start":{"line":24,"column":0},"end":{"line":24,"column":5}},"24":{"start":{"line":25,"column":0},"end":{"line":25,"column":36}},"25":{"start":{"line":26,"column":0},"end":{"line":26,"column":1}},"27":{"start":{"line":28,"column":0},"end":{"line":28,"column":85}},"28":{"start":{"line":29,"column":0},"end":{"line":29,"column":44}},"29":{"start":{"line":30,"column":0},"end":{"line":30,"column":44}},"30":{"start":{"line":31,"column":0},"end":{"line":31,"column":51}},"32":{"start":{"line":33,"column":0},"end":{"line":33,"column":29}},"33":{"start":{"line":34,"column":0},"end":{"line":34,"column":27}},"34":{"start":{"line":35,"column":0},"end":{"line":35,"column":36}},"35":{"start":{"line":36,"column":0},"end":{"line":36,"column":27}},"36":{"start":{"line":37,"column":0},"end":{"line":37,"column":40}},"37":{"start":{"line":38,"column":0},"end":{"line":38,"column":30}},"38":{"start":{"line":39,"column":0},"end":{"line":39,"column":12}},"39":{"start":{"line":40,"column":0},"end":{"line":40,"column":27}},"40":{"start":{"line":41,"column":0},"end":{"line":41,"column":5}},"41":{"start":{"line":42,"column":0},"end":{"line":42,"column":1}}},"s":{"0":13,"1":13,"3":13,"4":13,"6":13,"7":13,"8":5,"9":5,"10":8,"11":8,"13":13,"14":13,"15":4,"16":4,"17":9,"18":9,"20":13,"21":13,"22":12,"23":12,"24":1,"25":1,"27":1,"28":13,"29":13,"30":13,"32":13,"33":4,"34":13,"35":1,"36":9,"37":1,"38":7,"39":7,"40":7,"41":13},"branchMap":{"0":{"type":"branch","line":1,"loc":{"start":{"line":1,"column":0},"end":{"line":5,"column":1}},"locations":[{"start":{"line":1,"column":0},"end":{"line":5,"column":1}}]},"1":{"type":"branch","line":7,"loc":{"start":{"line":7,"column":0},"end":{"line":12,"column":1}},"locations":[{"start":{"line":7,"column":0},"end":{"line":12,"column":1}}]},"2":{"type":"branch","line":8,"loc":{"start":{"line":8,"column":24},"end":{"line":12,"column":1}},"locations":[{"start":{"line":8,"column":24},"end":{"line":12,"column":1}}]},"3":{"type":"branch","line":8,"loc":{"start":{"line":8,"column":24},"end":{"line":10,"column":5}},"locations":[{"start":{"line":8,"column":24},"end":{"line":10,"column":5}}]},"4":{"type":"branch","line":10,"loc":{"start":{"line":10,"column":4},"end":{"line":12,"column":1}},"locations":[{"start":{"line":10,"column":4},"end":{"line":12,"column":1}}]},"5":{"type":"branch","line":14,"loc":{"start":{"line":14,"column":0},"end":{"line":19,"column":1}},"locations":[{"start":{"line":14,"column":0},"end":{"line":19,"column":1}}]},"6":{"type":"branch","line":15,"loc":{"start":{"line":15,"column":24},"end":{"line":17,"column":6}},"locations":[{"start":{"line":15,"column":24},"end":{"line":17,"column":6}}]},"7":{"type":"branch","line":17,"loc":{"start":{"line":17,"column":4},"end":{"line":19,"column":1}},"locations":[{"start":{"line":17,"column":4},"end":{"line":19,"column":1}}]},"8":{"type":"branch","line":21,"loc":{"start":{"line":21,"column":0},"end":{"line":26,"column":1}},"locations":[{"start":{"line":21,"column":0},"end":{"line":26,"column":1}}]},"9":{"type":"branch","line":22,"loc":{"start":{"line":22,"column":28},"end":{"line":24,"column":5}},"locations":[{"start":{"line":22,"column":28},"end":{"line":24,"column":5}}]},"10":{"type":"branch","line":24,"loc":{"start":{"line":24,"column":4},"end":{"line":26,"column":1}},"locations":[{"start":{"line":24,"column":4},"end":{"line":26,"column":1}}]},"11":{"type":"branch","line":28,"loc":{"start":{"line":28,"column":7},"end":{"line":42,"column":1}},"locations":[{"start":{"line":28,"column":7},"end":{"line":42,"column":1}}]},"12":{"type":"branch","line":33,"loc":{"start":{"line":33,"column":28},"end":{"line":35,"column":14}},"locations":[{"start":{"line":33,"column":28},"end":{"line":35,"column":14}}]},"13":{"type":"branch","line":35,"loc":{"start":{"line":35,"column":4},"end":{"line":41,"column":5}},"locations":[{"start":{"line":35,"column":4},"end":{"line":41,"column":5}}]},"14":{"type":"branch","line":35,"loc":{"start":{"line":35,"column":35},"end":{"line":37,"column":15}},"locations":[{"start":{"line":35,"column":35},"end":{"line":37,"column":15}}]},"15":{"type":"branch","line":37,"loc":{"start":{"line":37,"column":4},"end":{"line":41,"column":5}},"locations":[{"start":{"line":37,"column":4},"end":{"line":41,"column":5}}]},"16":{"type":"branch","line":37,"loc":{"start":{"line":37,"column":39},"end":{"line":41,"column":5}},"locations":[{"start":{"line":37,"column":39},"end":{"line":41,"column":5}}]},"17":{"type":"branch","line":37,"loc":{"start":{"line":37,"column":39},"end":{"line":39,"column":11}},"locations":[{"start":{"line":37,"column":39},"end":{"line":39,"column":11}}]}},"b":{"0":[13],"1":[13],"2":[11],"3":[5],"4":[8],"5":[13],"6":[4],"7":[9],"8":[13],"9":[12],"10":[1],"11":[13],"12":[4],"13":[9],"14":[1],"15":[8],"16":[7],"17":[1]},"fnMap":{"0":{"name":"isInputSafe","decl":{"start":{"line":1,"column":0},"end":{"line":5,"column":1}},"loc":{"start":{"line":1,"column":0},"end":{"line":5,"column":1}},"line":1},"1":{"name":"checkShortText","decl":{"start":{"line":7,"column":0},"end":{"line":12,"column":1}},"loc":{"start":{"line":7,"column":0},"end":{"line":12,"column":1}},"line":7},"2":{"name":"checkEmptyText","decl":{"start":{"line":14,"column":0},"end":{"line":19,"column":1}},"loc":{"start":{"line":14,"column":0},"end":{"line":19,"column":1}},"line":14},"3":{"name":"checkInputSecurity","decl":{"start":{"line":21,"column":0},"end":{"line":26,"column":1}},"loc":{"start":{"line":21,"column":0},"end":{"line":26,"column":1}},"line":21},"4":{"name":"checkInput","decl":{"start":{"line":28,"column":7},"end":{"line":42,"column":1}},"loc":{"start":{"line":28,"column":7},"end":{"line":42,"column":1}},"line":28}},"f":{"0":13,"1":13,"2":13,"3":13,"4":13}}
,"/Users/raulrodriguez/Desktop/things/code/raulrodriguez/src/screens/contact/sendEmail.ts": {"path":"/Users/raulrodriguez/Desktop/things/code/raulrodriguez/src/screens/contact/sendEmail.ts","all":false,"statementMap":{"0":{"start":{"line":1,"column":0},"end":{"line":1,"column":34}},"2":{"start":{"line":3,"column":0},"end":{"line":3,"column":42}},"3":{"start":{"line":4,"column":0},"end":{"line":4,"column":44}},"4":{"start":{"line":5,"column":0},"end":{"line":5,"column":20}},"5":{"start":{"line":6,"column":0},"end":{"line":6,"column":21}},"6":{"start":{"line":7,"column":0},"end":{"line":7,"column":16}},"7":{"start":{"line":8,"column":0},"end":{"line":8,"column":23}},"8":{"start":{"line":9,"column":0},"end":{"line":9,"column":22}},"9":{"start":{"line":10,"column":0},"end":{"line":10,"column":56}},"10":{"start":{"line":11,"column":0},"end":{"line":11,"column":25}},"11":{"start":{"line":12,"column":0},"end":{"line":12,"column":64}},"12":{"start":{"line":13,"column":0},"end":{"line":13,"column":25}},"13":{"start":{"line":14,"column":0},"end":{"line":14,"column":6}},"14":{"start":{"line":15,"column":0},"end":{"line":15,"column":23}},"15":{"start":{"line":16,"column":0},"end":{"line":16,"column":42}},"16":{"start":{"line":17,"column":0},"end":{"line":17,"column":24}},"17":{"start":{"line":18,"column":0},"end":{"line":18,"column":7}},"18":{"start":{"line":19,"column":0},"end":{"line":19,"column":2}}},"s":{"0":1,"2":1,"3":0,"4":0,"5":0,"6":0,"7":0,"8":0,"9":0,"10":0,"11":0,"12":0,"13":0,"14":0,"15":0,"16":0,"17":0,"18":0},"branchMap":{},"b":{},"fnMap":{"0":{"name":"sendFormDataByEmail","decl":{"start":{"line":3,"column":35},"end":{"line":19,"column":2}},"loc":{"start":{"line":3,"column":35},"end":{"line":19,"column":2}},"line":3}},"f":{"0":0}}
,"/Users/raulrodriguez/Desktop/things/code/raulrodriguez/src/screens/contact/components/Input.styled.ts": {"path":"/Users/raulrodriguez/Desktop/things/code/raulrodriguez/src/screens/contact/components/Input.styled.ts","all":false,"statementMap":{"0":{"start":{"line":1,"column":0},"end":{"line":1,"column":48}},"1":{"start":{"line":2,"column":0},"end":{"line":2,"column":46}},"3":{"start":{"line":4,"column":0},"end":{"line":4,"column":41}},"9":{"start":{"line":10,"column":0},"end":{"line":10,"column":37}},"14":{"start":{"line":15,"column":0},"end":{"line":15,"column":39}},"16":{"start":{"line":17,"column":0},"end":{"line":17,"column":49}},"22":{"start":{"line":23,"column":0},"end":{"line":23,"column":47}},"26":{"start":{"line":27,"column":0},"end":{"line":27,"column":40}},"27":{"start":{"line":28,"column":0},"end":{"line":28,"column":22}},"30":{"start":{"line":31,"column":0},"end":{"line":31,"column":46}},"31":{"start":{"line":32,"column":0},"end":{"line":32,"column":22}},"35":{"start":{"line":36,"column":0},"end":{"line":36,"column":72}},"41":{"start":{"line":42,"column":0},"end":{"line":42,"column":39}},"45":{"start":{"line":46,"column":0},"end":{"line":46,"column":30}},"46":{"start":{"line":47,"column":0},"end":{"line":47,"column":24}},"47":{"start":{"line":48,"column":0},"end":{"line":48,"column":8}},"51":{"start":{"line":52,"column":0},"end":{"line":52,"column":42}},"53":{"start":{"line":54,"column":0},"end":{"line":54,"column":57}},"54":{"start":{"line":55,"column":0},"end":{"line":55,"column":6}}},"s":{"0":1,"1":1,"3":1,"9":1,"14":1,"16":1,"22":1,"26":1,"27":1,"30":1,"31":1,"35":1,"41":1,"45":1,"46":37,"47":12,"51":12,"53":12,"54":1},"branchMap":{"0":{"type":"branch","line":46,"loc":{"start":{"line":46,"column":4},"end":{"line":54,"column":57}},"locations":[{"start":{"line":46,"column":4},"end":{"line":54,"column":57}}]},"1":{"type":"branch","line":47,"loc":{"start":{"line":47,"column":4},"end":{"line":54,"column":57}},"locations":[{"start":{"line":47,"column":4},"end":{"line":54,"column":57}}]}},"b":{"0":[37],"1":[12]},"fnMap":{},"f":{}}
,"/Users/raulrodriguez/Desktop/things/code/raulrodriguez/src/screens/contact/components/Input.tsx": {"path":"/Users/raulrodriguez/Desktop/things/code/raulrodriguez/src/screens/contact/components/Input.tsx","all":false,"statementMap":{"0":{"start":{"line":1,"column":0},"end":{"line":1,"column":33}},"1":{"start":{"line":2,"column":0},"end":{"line":2,"column":92}},"11":{"start":{"line":12,"column":0},"end":{"line":12,"column":81}},"12":{"start":{"line":13,"column":0},"end":{"line":13,"column":52}},"14":{"start":{"line":15,"column":0},"end":{"line":15,"column":10}},"15":{"start":{"line":16,"column":0},"end":{"line":16,"column":20}},"16":{"start":{"line":17,"column":0},"end":{"line":17,"column":24}},"17":{"start":{"line":18,"column":0},"end":{"line":18,"column":27}},"18":{"start":{"line":19,"column":0},"end":{"line":19,"column":15}},"20":{"start":{"line":21,"column":0},"end":{"line":21,"column":21}},"21":{"start":{"line":22,"column":0},"end":{"line":22,"column":23}},"22":{"start":{"line":23,"column":0},"end":{"line":23,"column":29}},"23":{"start":{"line":24,"column":0},"end":{"line":24,"column":23}},"24":{"start":{"line":25,"column":0},"end":{"line":25,"column":52}},"25":{"start":{"line":26,"column":0},"end":{"line":26,"column":44}},"26":{"start":{"line":27,"column":0},"end":{"line":27,"column":55}},"27":{"start":{"line":28,"column":0},"end":{"line":28,"column":18}},"28":{"start":{"line":29,"column":0},"end":{"line":29,"column":10}},"30":{"start":{"line":31,"column":0},"end":{"line":31,"column":20}},"31":{"start":{"line":32,"column":0},"end":{"line":32,"column":31}},"32":{"start":{"line":33,"column":0},"end":{"line":33,"column":23}},"33":{"start":{"line":34,"column":0},"end":{"line":34,"column":25}},"34":{"start":{"line":35,"column":0},"end":{"line":35,"column":54}},"35":{"start":{"line":36,"column":0},"end":{"line":36,"column":46}},"36":{"start":{"line":37,"column":0},"end":{"line":37,"column":57}},"37":{"start":{"line":38,"column":0},"end":{"line":38,"column":20}},"38":{"start":{"line":39,"column":0},"end":{"line":39,"column":10}},"41":{"start":{"line":42,"column":0},"end":{"line":42,"column":71}},"42":{"start":{"line":43,"column":0},"end":{"line":43,"column":15}},"43":{"start":{"line":44,"column":0},"end":{"line":44,"column":22}},"44":{"start":{"line":45,"column":0},"end":{"line":45,"column":21}},"46":{"start":{"line":47,"column":0},"end":{"line":47,"column":2}}},"s":{"0":1,"1":1,"11":1,"12":39,"14":39,"15":39,"16":39,"17":2,"18":39,"20":39,"21":12,"22":12,"23":12,"24":12,"25":12,"26":12,"27":12,"28":12,"30":25,"31":25,"32":25,"33":25,"34":25,"35":25,"36":25,"37":25,"38":25,"41":39,"42":39,"43":39,"44":39,"46":39},"branchMap":{"0":{"type":"branch","line":12,"loc":{"start":{"line":12,"column":21},"end":{"line":47,"column":2}},"locations":[{"start":{"line":12,"column":21},"end":{"line":47,"column":2}}]},"1":{"type":"branch","line":17,"loc":{"start":{"line":17,"column":15},"end":{"line":19,"column":12}},"locations":[{"start":{"line":17,"column":15},"end":{"line":19,"column":12}}]},"2":{"type":"branch","line":19,"loc":{"start":{"line":19,"column":8},"end":{"line":19,"column":15}},"locations":[{"start":{"line":19,"column":8},"end":{"line":19,"column":15}}]},"3":{"type":"branch","line":21,"loc":{"start":{"line":21,"column":7},"end":{"line":29,"column":10}},"locations":[{"start":{"line":21,"column":7},"end":{"line":29,"column":10}}]},"4":{"type":"branch","line":29,"loc":{"start":{"line":29,"column":8},"end":{"line":39,"column":10}},"locations":[{"start":{"line":29,"column":8},"end":{"line":39,"column":10}}]},"5":{"type":"branch","line":42,"loc":{"start":{"line":42,"column":40},"end":{"line":42,"column":71}},"locations":[{"start":{"line":42,"column":40},"end":{"line":42,"column":71}}]},"6":{"type":"branch","line":25,"loc":{"start":{"line":25,"column":20},"end":{"line":25,"column":52}},"locations":[{"start":{"line":25,"column":20},"end":{"line":25,"column":52}}]},"7":{"type":"branch","line":35,"loc":{"start":{"line":35,"column":22},"end":{"line":35,"column":54}},"locations":[{"start":{"line":35,"column":22},"end":{"line":35,"column":54}}]}},"b":{"0":[39],"1":[2],"2":[35],"3":[12],"4":[25],"5":[37],"6":[2],"7":[5]},"fnMap":{"0":{"name":"Input","decl":{"start":{"line":12,"column":21},"end":{"line":47,"column":2}},"loc":{"start":{"line":12,"column":21},"end":{"line":47,"column":2}},"line":12},"1":{"name":"onChange","decl":{"start":{"line":25,"column":20},"end":{"line":25,"column":52}},"loc":{"start":{"line":25,"column":20},"end":{"line":25,"column":52}},"line":25},"2":{"name":"onFocus","decl":{"start":{"line":26,"column":19},"end":{"line":26,"column":44}},"loc":{"start":{"line":26,"column":19},"end":{"line":26,"column":44}},"line":26},"3":{"name":"onBlur","decl":{"start":{"line":27,"column":18},"end":{"line":27,"column":55}},"loc":{"start":{"line":27,"column":18},"end":{"line":27,"column":55}},"line":27},"4":{"name":"onChange","decl":{"start":{"line":35,"column":22},"end":{"line":35,"column":54}},"loc":{"start":{"line":35,"column":22},"end":{"line":35,"column":54}},"line":35},"5":{"name":"onFocus","decl":{"start":{"line":36,"column":21},"end":{"line":36,"column":46}},"loc":{"start":{"line":36,"column":21},"end":{"line":36,"column":46}},"line":36},"6":{"name":"onBlur","decl":{"start":{"line":37,"column":20},"end":{"line":37,"column":57}},"loc":{"start":{"line":37,"column":20},"end":{"line":37,"column":57}},"line":37}},"f":{"0":39,"1":2,"2":0,"3":0,"4":5,"5":0,"6":0}}
,"/Users/raulrodriguez/Desktop/things/code/raulrodriguez/src/screens/contact/components/LoadingSpinner.styled.ts": {"path":"/Users/raulrodriguez/Desktop/things/code/raulrodriguez/src/screens/contact/components/LoadingSpinner.styled.ts","all":false,"statementMap":{"0":{"start":{"line":1,"column":0},"end":{"line":1,"column":54}},"1":{"start":{"line":2,"column":0},"end":{"line":2,"column":46}},"3":{"start":{"line":4,"column":0},"end":{"line":4,"column":23}},"8":{"start":{"line":9,"column":0},"end":{"line":9,"column":42}},"16":{"start":{"line":17,"column":0},"end":{"line":17,"column":34}},"18":{"start":{"line":19,"column":0},"end":{"line":19,"column":53}},"22":{"start":{"line":23,"column":0},"end":{"line":23,"column":40}}},"s":{"0":1,"1":1,"3":1,"8":1,"16":1,"18":1,"22":1},"branchMap":{},"b":{},"fnMap":{},"f":{}}
,"/Users/raulrodriguez/Desktop/things/code/raulrodriguez/src/screens/contact/components/LoadingSpinner.tsx": {"path":"/Users/raulrodriguez/Desktop/things/code/raulrodriguez/src/screens/contact/components/LoadingSpinner.tsx","all":false,"statementMap":{"0":{"start":{"line":1,"column":0},"end":{"line":1,"column":67}},"2":{"start":{"line":3,"column":0},"end":{"line":3,"column":36}},"3":{"start":{"line":4,"column":0},"end":{"line":4,"column":10}},"4":{"start":{"line":5,"column":0},"end":{"line":5,"column":51}},"5":{"start":{"line":6,"column":0},"end":{"line":6,"column":17}},"6":{"start":{"line":7,"column":0},"end":{"line":7,"column":22}},"8":{"start":{"line":9,"column":0},"end":{"line":9,"column":2}}},"s":{"0":1,"2":1,"3":3,"4":3,"5":3,"6":3,"8":3},"branchMap":{"0":{"type":"branch","line":3,"loc":{"start":{"line":3,"column":29},"end":{"line":9,"column":2}},"locations":[{"start":{"line":3,"column":29},"end":{"line":9,"column":2}}]}},"b":{"0":[3]},"fnMap":{"0":{"name":"LoadingSpinner","decl":{"start":{"line":3,"column":29},"end":{"line":9,"column":2}},"loc":{"start":{"line":3,"column":29},"end":{"line":9,"column":2}},"line":3}},"f":{"0":3}}
,"/Users/raulrodriguez/Desktop/things/code/raulrodriguez/src/screens/contact/components/SuccessAnimation.styled.ts": {"path":"/Users/raulrodriguez/Desktop/things/code/raulrodriguez/src/screens/contact/components/SuccessAnimation.styled.ts","all":false,"statementMap":{"0":{"start":{"line":1,"column":0},"end":{"line":1,"column":54}},"1":{"start":{"line":2,"column":0},"end":{"line":2,"column":41}},"2":{"start":{"line":3,"column":0},"end":{"line":3,"column":46}},"4":{"start":{"line":5,"column":0},"end":{"line":5,"column":33}},"19":{"start":{"line":20,"column":0},"end":{"line":20,"column":25}},"31":{"start":{"line":32,"column":0},"end":{"line":32,"column":50}},"39":{"start":{"line":40,"column":0},"end":{"line":40,"column":57}},"42":{"start":{"line":43,"column":0},"end":{"line":43,"column":41}},"43":{"start":{"line":44,"column":0},"end":{"line":44,"column":33}},"45":{"start":{"line":46,"column":0},"end":{"line":46,"column":42}},"48":{"start":{"line":49,"column":0},"end":{"line":49,"column":36}},"49":{"start":{"line":50,"column":0},"end":{"line":50,"column":41}},"50":{"start":{"line":51,"column":0},"end":{"line":51,"column":42}}},"s":{"0":1,"1":1,"2":1,"4":1,"19":1,"31":1,"39":1,"42":1,"43":1,"45":1,"48":1,"49":1,"50":1},"branchMap":{},"b":{},"fnMap":{},"f":{}}
,"/Users/raulrodriguez/Desktop/things/code/raulrodriguez/src/screens/contact/components/SuccessAnimation.tsx": {"path":"/Users/raulrodriguez/Desktop/things/code/raulrodriguez/src/screens/contact/components/SuccessAnimation.tsx","all":false,"statementMap":{"0":{"start":{"line":1,"column":0},"end":{"line":1,"column":92}},"2":{"start":{"line":3,"column":0},"end":{"line":3,"column":39}},"3":{"start":{"line":4,"column":0},"end":{"line":4,"column":10}},"4":{"start":{"line":5,"column":0},"end":{"line":5,"column":29}},"5":{"start":{"line":6,"column":0},"end":{"line":6,"column":19}},"6":{"start":{"line":7,"column":0},"end":{"line":7,"column":61}},"7":{"start":{"line":8,"column":0},"end":{"line":8,"column":30}},"9":{"start":{"line":10,"column":0},"end":{"line":10,"column":2}}},"s":{"0":1,"2":1,"3":2,"4":2,"5":2,"6":2,"7":2,"9":2},"branchMap":{"0":{"type":"branch","line":3,"loc":{"start":{"line":3,"column":32},"end":{"line":10,"column":2}},"locations":[{"start":{"line":3,"column":32},"end":{"line":10,"column":2}}]}},"b":{"0":[2]},"fnMap":{"0":{"name":"SuccessAnimation","decl":{"start":{"line":3,"column":32},"end":{"line":10,"column":2}},"loc":{"start":{"line":3,"column":32},"end":{"line":10,"column":2}},"line":3}},"f":{"0":2}}
,"/Users/raulrodriguez/Desktop/things/code/raulrodriguez/src/screens/home/Home.styled.ts": {"path":"/Users/raulrodriguez/Desktop/things/code/raulrodriguez/src/screens/home/Home.styled.ts","all":false,"statementMap":{"0":{"start":{"line":1,"column":0},"end":{"line":1,"column":54}},"1":{"start":{"line":2,"column":0},"end":{"line":2,"column":42}},"3":{"start":{"line":4,"column":0},"end":{"line":4,"column":27}},"15":{"start":{"line":16,"column":0},"end":{"line":16,"column":30}},"27":{"start":{"line":28,"column":0},"end":{"line":28,"column":25}},"36":{"start":{"line":37,"column":0},"end":{"line":37,"column":24}},"48":{"start":{"line":49,"column":0},"end":{"line":49,"column":42}},"55":{"start":{"line":56,"column":0},"end":{"line":56,"column":51}},"60":{"start":{"line":61,"column":0},"end":{"line":61,"column":41}},"67":{"start":{"line":68,"column":0},"end":{"line":68,"column":62}},"71":{"start":{"line":72,"column":0},"end":{"line":72,"column":62}},"75":{"start":{"line":76,"column":0},"end":{"line":76,"column":38}},"82":{"start":{"line":83,"column":0},"end":{"line":83,"column":39}},"83":{"start":{"line":84,"column":0},"end":{"line":84,"column":47}},"85":{"start":{"line":86,"column":0},"end":{"line":86,"column":51}},"88":{"start":{"line":89,"column":0},"end":{"line":89,"column":62}},"93":{"start":{"line":94,"column":0},"end":{"line":94,"column":40}},"97":{"start":{"line":98,"column":0},"end":{"line":98,"column":40}},"101":{"start":{"line":102,"column":0},"end":{"line":102,"column":61}},"102":{"start":{"line":103,"column":0},"end":{"line":103,"column":64}},"103":{"start":{"line":104,"column":0},"end":{"line":104,"column":61}},"104":{"start":{"line":105,"column":0},"end":{"line":105,"column":65}},"105":{"start":{"line":106,"column":0},"end":{"line":106,"column":47}},"107":{"start":{"line":108,"column":0},"end":{"line":108,"column":51}},"110":{"start":{"line":111,"column":0},"end":{"line":111,"column":62}},"115":{"start":{"line":116,"column":0},"end":{"line":116,"column":41}},"121":{"start":{"line":122,"column":0},"end":{"line":122,"column":38}},"123":{"start":{"line":124,"column":0},"end":{"line":124,"column":61}},"124":{"start":{"line":125,"column":0},"end":{"line":125,"column":64}},"125":{"start":{"line":126,"column":0},"end":{"line":126,"column":61}},"126":{"start":{"line":127,"column":0},"end":{"line":127,"column":65}},"130":{"start":{"line":131,"column":0},"end":{"line":131,"column":38}},"131":{"start":{"line":132,"column":0},"end":{"line":132,"column":43}},"132":{"start":{"line":133,"column":0},"end":{"line":133,"column":37}},"134":{"start":{"line":135,"column":0},"end":{"line":135,"column":51}},"137":{"start":{"line":138,"column":0},"end":{"line":138,"column":62}},"142":{"start":{"line":143,"column":0},"end":{"line":143,"column":32}},"149":{"start":{"line":150,"column":0},"end":{"line":150,"column":50}},"151":{"start":{"line":152,"column":0},"end":{"line":152,"column":53}},"153":{"start":{"line":154,"column":0},"end":{"line":154,"column":51}},"158":{"start":{"line":159,"column":0},"end":{"line":159,"column":62}},"165":{"start":{"line":166,"column":0},"end":{"line":166,"column":45}}},"s":{"0":1,"1":1,"3":1,"15":1,"27":1,"36":1,"48":1,"55":1,"60":1,"67":1,"71":1,"75":1,"82":1,"83":1,"85":1,"88":1,"93":1,"97":1,"101":1,"102":1,"103":1,"104":1,"105":1,"107":1,"110":1,"115":1,"121":1,"123":1,"124":1,"125":1,"126":1,"130":1,"131":1,"132":1,"134":1,"137":1,"142":1,"149":1,"151":1,"153":1,"158":1,"165":1},"branchMap":{},"b":{},"fnMap":{},"f":{}}
,"/Users/raulrodriguez/Desktop/things/code/raulrodriguez/src/screens/home/Home.tsx": {"path":"/Users/raulrodriguez/Desktop/things/code/raulrodriguez/src/screens/home/Home.tsx","all":false,"statementMap":{"0":{"start":{"line":1,"column":0},"end":{"line":1,"column":128}},"1":{"start":{"line":2,"column":0},"end":{"line":2,"column":47}},"2":{"start":{"line":3,"column":0},"end":{"line":3,"column":21}},"4":{"start":{"line":5,"column":0},"end":{"line":5,"column":27}},"5":{"start":{"line":6,"column":0},"end":{"line":6,"column":10}},"6":{"start":{"line":7,"column":0},"end":{"line":7,"column":82}},"7":{"start":{"line":8,"column":0},"end":{"line":8,"column":26}},"8":{"start":{"line":9,"column":0},"end":{"line":9,"column":24}},"9":{"start":{"line":10,"column":0},"end":{"line":10,"column":53}},"10":{"start":{"line":11,"column":0},"end":{"line":11,"column":47}},"11":{"start":{"line":12,"column":0},"end":{"line":12,"column":50}},"12":{"start":{"line":13,"column":0},"end":{"line":13,"column":25}},"13":{"start":{"line":14,"column":0},"end":{"line":14,"column":55}},"14":{"start":{"line":15,"column":0},"end":{"line":15,"column":27}},"15":{"start":{"line":16,"column":0},"end":{"line":16,"column":18}},"17":{"start":{"line":18,"column":0},"end":{"line":18,"column":2}}},"s":{"0":1,"1":1,"2":1,"4":1,"5":6,"6":6,"7":6,"8":6,"9":6,"10":6,"11":6,"12":6,"13":6,"14":6,"15":6,"17":6},"branchMap":{"0":{"type":"branch","line":5,"loc":{"start":{"line":5,"column":20},"end":{"line":18,"column":2}},"locations":[{"start":{"line":5,"column":20},"end":{"line":18,"column":2}}]}},"b":{"0":[6]},"fnMap":{"0":{"name":"Home","decl":{"start":{"line":5,"column":20},"end":{"line":18,"column":2}},"loc":{"start":{"line":5,"column":20},"end":{"line":18,"column":2}},"line":5}},"f":{"0":6}}
,"/Users/raulrodriguez/Desktop/things/code/raulrodriguez/src/screens/projects/Projects.styled.ts": {"path":"/Users/raulrodriguez/Desktop/things/code/raulrodriguez/src/screens/projects/Projects.styled.ts","all":false,"statementMap":{"0":{"start":{"line":1,"column":0},"end":{"line":1,"column":54}},"1":{"start":{"line":2,"column":0},"end":{"line":2,"column":43}},"3":{"start":{"line":4,"column":0},"end":{"line":4,"column":30}},"14":{"start":{"line":15,"column":0},"end":{"line":15,"column":48}},"24":{"start":{"line":25,"column":0},"end":{"line":25,"column":51}},"30":{"start":{"line":31,"column":0},"end":{"line":31,"column":38}},"37":{"start":{"line":38,"column":0},"end":{"line":38,"column":41}},"38":{"start":{"line":39,"column":0},"end":{"line":39,"column":51}},"46":{"start":{"line":47,"column":0},"end":{"line":47,"column":62}},"51":{"start":{"line":52,"column":0},"end":{"line":52,"column":59}},"59":{"start":{"line":60,"column":0},"end":{"line":60,"column":109}},"70":{"start":{"line":71,"column":0},"end":{"line":71,"column":101}},"73":{"start":{"line":74,"column":0},"end":{"line":74,"column":53}},"77":{"start":{"line":78,"column":0},"end":{"line":78,"column":64}},"82":{"start":{"line":83,"column":0},"end":{"line":83,"column":64}},"89":{"start":{"line":90,"column":0},"end":{"line":90,"column":39}},"95":{"start":{"line":96,"column":0},"end":{"line":96,"column":53}},"99":{"start":{"line":100,"column":0},"end":{"line":100,"column":64}},"103":{"start":{"line":104,"column":0},"end":{"line":104,"column":64}},"109":{"start":{"line":110,"column":0},"end":{"line":110,"column":59}},"111":{"start":{"line":112,"column":0},"end":{"line":112,"column":104}},"118":{"start":{"line":119,"column":0},"end":{"line":119,"column":51}},"124":{"start":{"line":125,"column":0},"end":{"line":125,"column":62}},"127":{"start":{"line":128,"column":0},"end":{"line":128,"column":62}}},"s":{"0":1,"1":1,"3":1,"14":1,"24":1,"30":1,"37":1,"38":1,"46":1,"51":1,"59":1,"70":1,"73":1,"77":1,"82":1,"89":1,"95":1,"99":1,"103":1,"109":1,"111":1,"118":1,"124":1,"127":1},"branchMap":{"0":{"type":"branch","line":60,"loc":{"start":{"line":60,"column":24},"end":{"line":60,"column":107}},"locations":[{"start":{"line":60,"column":24},"end":{"line":60,"column":107}}]},"1":{"type":"branch","line":60,"loc":{"start":{"line":60,"column":39},"end":{"line":60,"column":84}},"locations":[{"start":{"line":60,"column":39},"end":{"line":60,"column":84}}]},"2":{"type":"branch","line":60,"loc":{"start":{"line":60,"column":79},"end":{"line":60,"column":107}},"locations":[{"start":{"line":60,"column":79},"end":{"line":60,"column":107}}]},"3":{"type":"branch","line":71,"loc":{"start":{"line":71,"column":16},"end":{"line":71,"column":98}},"locations":[{"start":{"line":71,"column":16},"end":{"line":71,"column":98}}]},"4":{"type":"branch","line":71,"loc":{"start":{"line":71,"column":31},"end":{"line":71,"column":56}},"locations":[{"start":{"line":71,"column":31},"end":{"line":71,"column":56}}]},"5":{"type":"branch","line":71,"loc":{"start":{"line":71,"column":42},"end":{"line":71,"column":98}},"locations":[{"start":{"line":71,"column":42},"end":{"line":71,"column":98}}]},"6":{"type":"branch","line":112,"loc":{"start":{"line":112,"column":11},"end":{"line":112,"column":102}},"locations":[{"start":{"line":112,"column":11},"end":{"line":112,"column":102}}]},"7":{"type":"branch","line":112,"loc":{"start":{"line":112,"column":26},"end":{"line":112,"column":71}},"locations":[{"start":{"line":112,"column":26},"end":{"line":112,"column":71}}]},"8":{"type":"branch","line":112,"loc":{"start":{"line":112,"column":66},"end":{"line":112,"column":102}},"locations":[{"start":{"line":112,"column":66},"end":{"line":112,"column":102}}]}},"b":{"0":[20],"1":[4],"2":[16],"3":[20],"4":[4],"5":[16],"6":[20],"7":[4],"8":[16]},"fnMap":{"0":{"name":"Object.defineProperty.enumerable","decl":{"start":{"line":60,"column":24},"end":{"line":60,"column":107}},"loc":{"start":{"line":60,"column":24},"end":{"line":60,"column":107}},"line":60}},"f":{"0":20}}
,"/Users/raulrodriguez/Desktop/things/code/raulrodriguez/src/screens/projects/Projects.tsx": {"path":"/Users/raulrodriguez/Desktop/things/code/raulrodriguez/src/screens/projects/Projects.tsx","all":false,"statementMap":{"0":{"start":{"line":1,"column":0},"end":{"line":1,"column":33}},"1":{"start":{"line":2,"column":0},"end":{"line":2,"column":108}},"2":{"start":{"line":3,"column":0},"end":{"line":3,"column":60}},"3":{"start":{"line":4,"column":0},"end":{"line":4,"column":42}},"4":{"start":{"line":5,"column":0},"end":{"line":5,"column":60}},"5":{"start":{"line":6,"column":0},"end":{"line":6,"column":21}},"7":{"start":{"line":8,"column":0},"end":{"line":8,"column":31}},"8":{"start":{"line":9,"column":0},"end":{"line":9,"column":47}},"9":{"start":{"line":10,"column":0},"end":{"line":10,"column":87}},"11":{"start":{"line":12,"column":0},"end":{"line":12,"column":10}},"12":{"start":{"line":13,"column":0},"end":{"line":13,"column":69}},"13":{"start":{"line":14,"column":0},"end":{"line":14,"column":19}},"14":{"start":{"line":15,"column":0},"end":{"line":15,"column":47}},"15":{"start":{"line":16,"column":0},"end":{"line":16,"column":53}},"17":{"start":{"line":18,"column":0},"end":{"line":18,"column":18}},"18":{"start":{"line":19,"column":0},"end":{"line":19,"column":24}},"19":{"start":{"line":20,"column":0},"end":{"line":20,"column":59}},"20":{"start":{"line":21,"column":0},"end":{"line":21,"column":26}},"21":{"start":{"line":22,"column":0},"end":{"line":22,"column":57}},"22":{"start":{"line":23,"column":0},"end":{"line":23,"column":64}},"24":{"start":{"line":25,"column":0},"end":{"line":25,"column":50}},"25":{"start":{"line":26,"column":0},"end":{"line":26,"column":28}},"26":{"start":{"line":27,"column":0},"end":{"line":27,"column":67}},"28":{"start":{"line":29,"column":0},"end":{"line":29,"column":23}},"29":{"start":{"line":30,"column":0},"end":{"line":30,"column":29}},"30":{"start":{"line":31,"column":0},"end":{"line":31,"column":26}},"32":{"start":{"line":33,"column":0},"end":{"line":33,"column":11}},"33":{"start":{"line":34,"column":0},"end":{"line":34,"column":20}},"34":{"start":{"line":35,"column":0},"end":{"line":35,"column":43}},"35":{"start":{"line":36,"column":0},"end":{"line":36,"column":24}},"37":{"start":{"line":38,"column":0},"end":{"line":38,"column":2}}},"s":{"0":1,"1":1,"2":1,"3":1,"4":1,"5":1,"7":1,"8":4,"9":4,"11":4,"12":4,"13":4,"14":4,"15":20,"17":20,"18":20,"19":20,"20":20,"21":20,"22":20,"24":20,"25":20,"26":20,"28":20,"29":20,"30":20,"32":4,"33":4,"34":4,"35":4,"37":4},"branchMap":{"0":{"type":"branch","line":8,"loc":{"start":{"line":8,"column":24},"end":{"line":38,"column":2}},"locations":[{"start":{"line":8,"column":24},"end":{"line":38,"column":2}}]},"1":{"type":"branch","line":15,"loc":{"start":{"line":15,"column":26},"end":{"line":33,"column":9}},"locations":[{"start":{"line":15,"column":26},"end":{"line":33,"column":9}}]},"2":{"type":"branch","line":22,"loc":{"start":{"line":22,"column":23},"end":{"line":22,"column":57}},"locations":[{"start":{"line":22,"column":23},"end":{"line":22,"column":57}}]}},"b":{"0":[4],"1":[20],"2":[1]},"fnMap":{"0":{"name":"Projects","decl":{"start":{"line":8,"column":24},"end":{"line":38,"column":2}},"loc":{"start":{"line":8,"column":24},"end":{"line":38,"column":2}},"line":8},"1":{"name":"onClick","decl":{"start":{"line":22,"column":23},"end":{"line":22,"column":57}},"loc":{"start":{"line":22,"column":23},"end":{"line":22,"column":57}},"line":22}},"f":{"0":4,"1":1}}
,"/Users/raulrodriguez/Desktop/things/code/raulrodriguez/src/screens/projects/ProjectsList.ts": {"path":"/Users/raulrodriguez/Desktop/things/code/raulrodriguez/src/screens/projects/ProjectsList.ts","all":false,"statementMap":{"0":{"start":{"line":1,"column":0},"end":{"line":1,"column":53}},"1":{"start":{"line":2,"column":0},"end":{"line":2,"column":62}},"2":{"start":{"line":3,"column":0},"end":{"line":3,"column":62}},"3":{"start":{"line":4,"column":0},"end":{"line":4,"column":62}},"4":{"start":{"line":5,"column":0},"end":{"line":5,"column":62}},"5":{"start":{"line":6,"column":0},"end":{"line":6,"column":62}},"6":{"start":{"line":7,"column":0},"end":{"line":7,"column":57}},"7":{"start":{"line":8,"column":0},"end":{"line":8,"column":66}},"8":{"start":{"line":9,"column":0},"end":{"line":9,"column":66}},"9":{"start":{"line":10,"column":0},"end":{"line":10,"column":65}},"10":{"start":{"line":11,"column":0},"end":{"line":11,"column":74}},"11":{"start":{"line":12,"column":0},"end":{"line":12,"column":74}},"12":{"start":{"line":13,"column":0},"end":{"line":13,"column":53}},"13":{"start":{"line":14,"column":0},"end":{"line":14,"column":62}},"14":{"start":{"line":15,"column":0},"end":{"line":15,"column":62}},"15":{"start":{"line":16,"column":0},"end":{"line":16,"column":62}},"16":{"start":{"line":17,"column":0},"end":{"line":17,"column":62}},"17":{"start":{"line":18,"column":0},"end":{"line":18,"column":62}},"18":{"start":{"line":19,"column":0},"end":{"line":19,"column":59}},"19":{"start":{"line":20,"column":0},"end":{"line":20,"column":68}},"20":{"start":{"line":21,"column":0},"end":{"line":21,"column":68}},"22":{"start":{"line":23,"column":0},"end":{"line":23,"column":25}},"23":{"start":{"line":24,"column":0},"end":{"line":24,"column":5}},"24":{"start":{"line":25,"column":0},"end":{"line":25,"column":23}},"25":{"start":{"line":26,"column":0},"end":{"line":26,"column":189}},"26":{"start":{"line":27,"column":0},"end":{"line":27,"column":82}},"27":{"start":{"line":28,"column":0},"end":{"line":28,"column":21}},"28":{"start":{"line":29,"column":0},"end":{"line":29,"column":23}},"29":{"start":{"line":30,"column":0},"end":{"line":30,"column":18}},"30":{"start":{"line":31,"column":0},"end":{"line":31,"column":18}},"31":{"start":{"line":32,"column":0},"end":{"line":32,"column":18}},"32":{"start":{"line":33,"column":0},"end":{"line":33,"column":18}},"33":{"start":{"line":34,"column":0},"end":{"line":34,"column":18}},"34":{"start":{"line":35,"column":0},"end":{"line":35,"column":8}},"35":{"start":{"line":36,"column":0},"end":{"line":36,"column":87}},"36":{"start":{"line":37,"column":0},"end":{"line":37,"column":6}},"37":{"start":{"line":38,"column":0},"end":{"line":38,"column":5}},"38":{"start":{"line":39,"column":0},"end":{"line":39,"column":25}},"39":{"start":{"line":40,"column":0},"end":{"line":40,"column":150}},"40":{"start":{"line":41,"column":0},"end":{"line":41,"column":150}},"41":{"start":{"line":42,"column":0},"end":{"line":42,"column":23}},"42":{"start":{"line":43,"column":0},"end":{"line":43,"column":23}},"43":{"start":{"line":44,"column":0},"end":{"line":44,"column":20}},"44":{"start":{"line":45,"column":0},"end":{"line":45,"column":19}},"45":{"start":{"line":46,"column":0},"end":{"line":46,"column":8}},"46":{"start":{"line":47,"column":0},"end":{"line":47,"column":40}},"47":{"start":{"line":48,"column":0},"end":{"line":48,"column":59}},"48":{"start":{"line":49,"column":0},"end":{"line":49,"column":6}},"49":{"start":{"line":50,"column":0},"end":{"line":50,"column":5}},"50":{"start":{"line":51,"column":0},"end":{"line":51,"column":30}},"51":{"start":{"line":52,"column":0},"end":{"line":52,"column":244}},"52":{"start":{"line":53,"column":0},"end":{"line":53,"column":63}},"53":{"start":{"line":54,"column":0},"end":{"line":54,"column":27}},"54":{"start":{"line":55,"column":0},"end":{"line":55,"column":23}},"55":{"start":{"line":56,"column":0},"end":{"line":56,"column":24}},"56":{"start":{"line":57,"column":0},"end":{"line":57,"column":23}},"57":{"start":{"line":58,"column":0},"end":{"line":58,"column":8}},"58":{"start":{"line":59,"column":0},"end":{"line":59,"column":63}},"59":{"start":{"line":60,"column":0},"end":{"line":60,"column":6}},"60":{"start":{"line":61,"column":0},"end":{"line":61,"column":5}},"61":{"start":{"line":62,"column":0},"end":{"line":62,"column":25}},"62":{"start":{"line":63,"column":0},"end":{"line":63,"column":150}},"63":{"start":{"line":64,"column":0},"end":{"line":64,"column":64}},"64":{"start":{"line":65,"column":0},"end":{"line":65,"column":23}},"65":{"start":{"line":66,"column":0},"end":{"line":66,"column":25}},"66":{"start":{"line":67,"column":0},"end":{"line":67,"column":20}},"67":{"start":{"line":68,"column":0},"end":{"line":68,"column":20}},"68":{"start":{"line":69,"column":0},"end":{"line":69,"column":20}},"69":{"start":{"line":70,"column":0},"end":{"line":70,"column":20}},"70":{"start":{"line":71,"column":0},"end":{"line":71,"column":19}},"71":{"start":{"line":72,"column":0},"end":{"line":72,"column":10}},"72":{"start":{"line":73,"column":0},"end":{"line":73,"column":59}},"73":{"start":{"line":74,"column":0},"end":{"line":74,"column":8}},"74":{"start":{"line":75,"column":0},"end":{"line":75,"column":7}},"75":{"start":{"line":76,"column":0},"end":{"line":76,"column":25}},"76":{"start":{"line":77,"column":0},"end":{"line":77,"column":168}},"77":{"start":{"line":78,"column":0},"end":{"line":78,"column":56}},"78":{"start":{"line":79,"column":0},"end":{"line":79,"column":26}},"79":{"start":{"line":80,"column":0},"end":{"line":80,"column":25}},"80":{"start":{"line":81,"column":0},"end":{"line":81,"column":23}},"81":{"start":{"line":82,"column":0},"end":{"line":82,"column":22}},"82":{"start":{"line":83,"column":0},"end":{"line":83,"column":10}},"83":{"start":{"line":84,"column":0},"end":{"line":84,"column":39}},"84":{"start":{"line":85,"column":0},"end":{"line":85,"column":7}},"85":{"start":{"line":86,"column":0},"end":{"line":86,"column":1}}},"s":{"0":1,"1":1,"2":1,"3":1,"4":1,"5":1,"6":1,"7":1,"8":1,"9":1,"10":1,"11":1,"12":1,"13":1,"14":1,"15":1,"16":1,"17":1,"18":1,"19":1,"20":1,"22":1,"23":1,"24":1,"25":1,"26":1,"27":1,"28":1,"29":1,"30":1,"31":1,"32":1,"33":1,"34":1,"35":1,"36":1,"37":1,"38":1,"39":1,"40":1,"41":1,"42":1,"43":1,"44":1,"45":1,"46":1,"47":1,"48":1,"49":1,"50":1,"51":1,"52":1,"53":1,"54":1,"55":1,"56":1,"57":1,"58":1,"59":1,"60":1,"61":1,"62":1,"63":1,"64":1,"65":1,"66":1,"67":1,"68":1,"69":1,"70":1,"71":1,"72":1,"73":1,"74":1,"75":1,"76":1,"77":1,"78":1,"79":1,"80":1,"81":1,"82":1,"83":1,"84":1,"85":1},"branchMap":{},"b":{},"fnMap":{},"f":{}}
,"/Users/raulrodriguez/Desktop/things/code/raulrodriguez/src/screens/projects/components/ImageModal.styled.ts": {"path":"/Users/raulrodriguez/Desktop/things/code/raulrodriguez/src/screens/projects/components/ImageModal.styled.ts","all":false,"statementMap":{"0":{"start":{"line":1,"column":0},"end":{"line":1,"column":39}},"1":{"start":{"line":2,"column":0},"end":{"line":2,"column":46}},"3":{"start":{"line":4,"column":0},"end":{"line":4,"column":39}},"18":{"start":{"line":19,"column":0},"end":{"line":19,"column":39}},"29":{"start":{"line":30,"column":0},"end":{"line":30,"column":37}},"35":{"start":{"line":36,"column":0},"end":{"line":36,"column":41}},"41":{"start":{"line":42,"column":0},"end":{"line":42,"column":39}},"48":{"start":{"line":49,"column":0},"end":{"line":49,"column":40}}},"s":{"0":1,"1":1,"3":1,"18":1,"29":1,"35":1,"41":1,"48":1},"branchMap":{},"b":{},"fnMap":{},"f":{}}
,"/Users/raulrodriguez/Desktop/things/code/raulrodriguez/src/screens/projects/components/ImageModal.tsx": {"path":"/Users/raulrodriguez/Desktop/things/code/raulrodriguez/src/screens/projects/components/ImageModal.tsx","all":false,"statementMap":{"0":{"start":{"line":1,"column":0},"end":{"line":1,"column":90}},"1":{"start":{"line":2,"column":0},"end":{"line":2,"column":49}},"8":{"start":{"line":9,"column":0},"end":{"line":9,"column":60}},"9":{"start":{"line":10,"column":0},"end":{"line":10,"column":10}},"10":{"start":{"line":11,"column":0},"end":{"line":11,"column":36}},"11":{"start":{"line":12,"column":0},"end":{"line":12,"column":57}},"12":{"start":{"line":13,"column":0},"end":{"line":13,"column":39}},"13":{"start":{"line":14,"column":0},"end":{"line":14,"column":28}},"14":{"start":{"line":15,"column":0},"end":{"line":15,"column":22}},"15":{"start":{"line":16,"column":0},"end":{"line":16,"column":50}},"16":{"start":{"line":17,"column":0},"end":{"line":17,"column":21}},"17":{"start":{"line":18,"column":0},"end":{"line":18,"column":19}},"19":{"start":{"line":20,"column":0},"end":{"line":20,"column":2}}},"s":{"0":1,"1":1,"8":1,"9":4,"10":4,"11":4,"12":4,"13":4,"14":4,"15":4,"16":4,"17":4,"19":4},"branchMap":{"0":{"type":"branch","line":9,"loc":{"start":{"line":9,"column":26},"end":{"line":20,"column":2}},"locations":[{"start":{"line":9,"column":26},"end":{"line":20,"column":2}}]},"1":{"type":"branch","line":12,"loc":{"start":{"line":12,"column":29},"end":{"line":12,"column":57}},"locations":[{"start":{"line":12,"column":29},"end":{"line":12,"column":57}}]}},"b":{"0":[4],"1":[3]},"fnMap":{"0":{"name":"ImageModal","decl":{"start":{"line":9,"column":26},"end":{"line":20,"column":2}},"loc":{"start":{"line":9,"column":26},"end":{"line":20,"column":2}},"line":9},"1":{"name":"onClick","decl":{"start":{"line":12,"column":29},"end":{"line":12,"column":57}},"loc":{"start":{"line":12,"column":29},"end":{"line":12,"column":57}},"line":12}},"f":{"0":4,"1":3}}
,"/Users/raulrodriguez/Desktop/things/code/raulrodriguez/src/screens/projects/components/Sidebar.styled.ts": {"path":"/Users/raulrodriguez/Desktop/things/code/raulrodriguez/src/screens/projects/components/Sidebar.styled.ts","all":false,"statementMap":{"0":{"start":{"line":1,"column":0},"end":{"line":1,"column":54}},"1":{"start":{"line":2,"column":0},"end":{"line":2,"column":46}},"3":{"start":{"line":4,"column":0},"end":{"line":4,"column":31}},"14":{"start":{"line":15,"column":0},"end":{"line":15,"column":43}},"22":{"start":{"line":23,"column":0},"end":{"line":23,"column":42}},"24":{"start":{"line":25,"column":0},"end":{"line":25,"column":51}},"31":{"start":{"line":32,"column":0},"end":{"line":32,"column":62}},"38":{"start":{"line":39,"column":0},"end":{"line":39,"column":33}},"43":{"start":{"line":44,"column":0},"end":{"line":44,"column":39}},"49":{"start":{"line":50,"column":0},"end":{"line":50,"column":51}},"55":{"start":{"line":56,"column":0},"end":{"line":56,"column":48}},"62":{"start":{"line":63,"column":0},"end":{"line":63,"column":37}},"64":{"start":{"line":65,"column":0},"end":{"line":65,"column":38}},"68":{"start":{"line":69,"column":0},"end":{"line":69,"column":62}},"73":{"start":{"line":74,"column":0},"end":{"line":74,"column":40}},"79":{"start":{"line":80,"column":0},"end":{"line":80,"column":45}},"80":{"start":{"line":81,"column":0},"end":{"line":81,"column":44}},"84":{"start":{"line":85,"column":0},"end":{"line":85,"column":46}},"89":{"start":{"line":90,"column":0},"end":{"line":90,"column":43}},"90":{"start":{"line":91,"column":0},"end":{"line":91,"column":41}},"92":{"start":{"line":93,"column":0},"end":{"line":93,"column":39}},"97":{"start":{"line":98,"column":0},"end":{"line":98,"column":51}},"100":{"start":{"line":101,"column":0},"end":{"line":101,"column":62}},"105":{"start":{"line":106,"column":0},"end":{"line":106,"column":35}},"109":{"start":{"line":110,"column":0},"end":{"line":110,"column":51}},"115":{"start":{"line":116,"column":0},"end":{"line":116,"column":36}},"121":{"start":{"line":122,"column":0},"end":{"line":122,"column":52}},"123":{"start":{"line":124,"column":0},"end":{"line":124,"column":46}},"124":{"start":{"line":125,"column":0},"end":{"line":125,"column":41}},"127":{"start":{"line":128,"column":0},"end":{"line":128,"column":44}},"133":{"start":{"line":134,"column":0},"end":{"line":134,"column":51}},"136":{"start":{"line":137,"column":0},"end":{"line":137,"column":62}},"141":{"start":{"line":142,"column":0},"end":{"line":142,"column":40}},"151":{"start":{"line":152,"column":0},"end":{"line":152,"column":49}},"154":{"start":{"line":155,"column":0},"end":{"line":155,"column":51}},"157":{"start":{"line":158,"column":0},"end":{"line":158,"column":62}}},"s":{"0":1,"1":1,"3":1,"14":1,"22":1,"24":1,"31":1,"38":1,"43":1,"49":1,"55":1,"62":1,"64":1,"68":1,"73":1,"79":1,"80":1,"84":1,"89":1,"90":1,"92":1,"97":1,"100":1,"105":1,"109":1,"115":1,"121":1,"123":1,"124":1,"127":1,"133":1,"136":1,"141":1,"151":1,"154":1,"157":1},"branchMap":{},"b":{},"fnMap":{},"f":{}}
,"/Users/raulrodriguez/Desktop/things/code/raulrodriguez/src/screens/projects/components/Sidebar.tsx": {"path":"/Users/raulrodriguez/Desktop/things/code/raulrodriguez/src/screens/projects/components/Sidebar.tsx","all":false,"statementMap":{"0":{"start":{"line":1,"column":0},"end":{"line":1,"column":199}},"1":{"start":{"line":2,"column":0},"end":{"line":2,"column":61}},"2":{"start":{"line":3,"column":0},"end":{"line":3,"column":33}},"3":{"start":{"line":4,"column":0},"end":{"line":4,"column":42}},"19":{"start":{"line":20,"column":0},"end":{"line":20,"column":49}},"20":{"start":{"line":21,"column":0},"end":{"line":21,"column":77}},"22":{"start":{"line":23,"column":0},"end":{"line":23,"column":12}},"23":{"start":{"line":24,"column":0},"end":{"line":24,"column":26}},"24":{"start":{"line":25,"column":0},"end":{"line":25,"column":20}},"25":{"start":{"line":26,"column":0},"end":{"line":26,"column":72}},"26":{"start":{"line":27,"column":0},"end":{"line":27,"column":39}},"27":{"start":{"line":28,"column":0},"end":{"line":28,"column":62}},"28":{"start":{"line":29,"column":0},"end":{"line":29,"column":35}},"29":{"start":{"line":30,"column":0},"end":{"line":30,"column":46}},"30":{"start":{"line":31,"column":0},"end":{"line":31,"column":71}},"31":{"start":{"line":32,"column":0},"end":{"line":32,"column":49}},"32":{"start":{"line":33,"column":0},"end":{"line":33,"column":32}},"34":{"start":{"line":35,"column":0},"end":{"line":35,"column":46}},"35":{"start":{"line":36,"column":0},"end":{"line":36,"column":71}},"36":{"start":{"line":37,"column":0},"end":{"line":37,"column":40}},"37":{"start":{"line":38,"column":0},"end":{"line":38,"column":32}},"39":{"start":{"line":40,"column":0},"end":{"line":40,"column":36}},"40":{"start":{"line":41,"column":0},"end":{"line":41,"column":40}},"41":{"start":{"line":42,"column":0},"end":{"line":42,"column":21}},"43":{"start":{"line":44,"column":0},"end":{"line":44,"column":74}},"45":{"start":{"line":46,"column":0},"end":{"line":46,"column":22}},"46":{"start":{"line":47,"column":0},"end":{"line":47,"column":60}},"47":{"start":{"line":48,"column":0},"end":{"line":48,"column":55}},"48":{"start":{"line":49,"column":0},"end":{"line":49,"column":19}},"49":{"start":{"line":50,"column":0},"end":{"line":50,"column":23}},"51":{"start":{"line":52,"column":0},"end":{"line":52,"column":31}},"52":{"start":{"line":53,"column":0},"end":{"line":53,"column":64}},"53":{"start":{"line":54,"column":0},"end":{"line":54,"column":34}},"54":{"start":{"line":55,"column":0},"end":{"line":55,"column":43}},"55":{"start":{"line":56,"column":0},"end":{"line":56,"column":35}},"56":{"start":{"line":57,"column":0},"end":{"line":57,"column":46}},"57":{"start":{"line":58,"column":0},"end":{"line":58,"column":61}},"58":{"start":{"line":59,"column":0},"end":{"line":59,"column":22}},"59":{"start":{"line":60,"column":0},"end":{"line":60,"column":19}},"60":{"start":{"line":61,"column":0},"end":{"line":61,"column":32}},"61":{"start":{"line":62,"column":0},"end":{"line":62,"column":32}},"62":{"start":{"line":63,"column":0},"end":{"line":63,"column":97}},"64":{"start":{"line":65,"column":0},"end":{"line":65,"column":27}},"66":{"start":{"line":67,"column":0},"end":{"line":67,"column":2}}},"s":{"0":1,"1":1,"2":1,"3":1,"19":1,"20":6,"22":6,"23":6,"24":6,"25":6,"26":6,"27":6,"28":6,"29":6,"30":6,"31":6,"32":6,"34":6,"35":6,"36":6,"37":6,"39":6,"40":6,"41":6,"43":6,"45":6,"46":6,"47":18,"48":6,"49":6,"51":6,"52":6,"53":12,"54":12,"55":12,"56":12,"57":12,"58":12,"59":6,"60":6,"61":6,"62":1,"64":6,"66":6},"branchMap":{"0":{"type":"branch","line":20,"loc":{"start":{"line":20,"column":23},"end":{"line":67,"column":2}},"locations":[{"start":{"line":20,"column":23},"end":{"line":67,"column":2}}]},"1":{"type":"branch","line":62,"loc":{"start":{"line":62,"column":14},"end":{"line":63,"column":97}},"locations":[{"start":{"line":62,"column":14},"end":{"line":63,"column":97}}]},"2":{"type":"branch","line":47,"loc":{"start":{"line":47,"column":42},"end":{"line":48,"column":55}},"locations":[{"start":{"line":47,"column":42},"end":{"line":48,"column":55}}]},"3":{"type":"branch","line":53,"loc":{"start":{"line":53,"column":46},"end":{"line":59,"column":22}},"locations":[{"start":{"line":53,"column":46},"end":{"line":59,"column":22}}]},"4":{"type":"branch","line":58,"loc":{"start":{"line":58,"column":33},"end":{"line":58,"column":61}},"locations":[{"start":{"line":58,"column":33},"end":{"line":58,"column":61}}]},"5":{"type":"branch","line":63,"loc":{"start":{"line":63,"column":60},"end":{"line":63,"column":95}},"locations":[{"start":{"line":63,"column":60},"end":{"line":63,"column":95}}]}},"b":{"0":[6],"1":[1],"2":[18],"3":[12],"4":[1],"5":[1]},"fnMap":{"0":{"name":"Sidebar","decl":{"start":{"line":20,"column":23},"end":{"line":67,"column":2}},"loc":{"start":{"line":20,"column":23},"end":{"line":67,"column":2}},"line":20},"1":{"name":"onClick","decl":{"start":{"line":58,"column":33},"end":{"line":58,"column":61}},"loc":{"start":{"line":58,"column":33},"end":{"line":58,"column":61}},"line":58},"2":{"name":"onClose","decl":{"start":{"line":63,"column":60},"end":{"line":63,"column":95}},"loc":{"start":{"line":63,"column":60},"end":{"line":63,"column":95}},"line":63}},"f":{"0":6,"1":1,"2":1}}
}
